Warning in <TUnixSystem::SetDisplay>: DISPLAY not set, setting it to nat-165-91-13-131.tamulink.tamu.edu:0.0
 inputfile /fdata/hepx/store/user/taohuang/Hhh/delphes320_B3_100k.root
 outputfile DiHiggs_delphes_10.root
** Chain contains 100000 events
 event id 0
Warning in <TVector3::PseudoRapidity>: transvers momentum = 0! return +/- 10e10
 genP Id 99926 Pt 3.81193e-14 M1 57 M2 62 D1 19 D2 20 p4 (x,y,z,t)=(0.000000,0.000000,-215.553909,407.002258) (P,eta,phi,E)=(215.553909,-100000000000.000000,0.000000,407.002258)
 genP Id 25 Pt 104.463 M1 21 M2 -1 D1 87 D2 88 p4 (x,y,z,t)=(91.258011,-50.837887,-32.049690,166.026199) (P,eta,phi,E)=(109.268925,-0.302184,-0.508262,166.026199)
before getFinalState  genP Id 5 Pt 61.8632 M1 64 M2 -1 D1 31 D2 31 p4 (x,y,z,t)=(41.752182,-45.648724,44.415077,76.300980) (P,eta,phi,E)=(76.156088,0.667315,-0.829951,76.300980)
during getFinalState  genP Id 5 Pt 63.3802 M1 87 M2 -1 D1 89 D2 89 p4 (x,y,z,t)=(46.689548,-42.861866,44.066730,77.337051) (P,eta,phi,E)=(77.194107,0.648792,-0.742681,77.337051)
during getFinalState  genP Id 5 Pt 63.6646 M1 31 M2 -1 D1 90 D2 91 p4 (x,y,z,t)=(47.105682,-42.827934,42.967087,78.214066) (P,eta,phi,E)=(76.807212,0.631981,-0.737868,78.214066)
before getFinalState  genP Id -5 Pt 42.1429 M1 64 M2 -1 D1 32 D2 32 p4 (x,y,z,t)=(40.932335,-10.028403,-75.470535,86.567413) (P,eta,phi,E)=(86.439728,-1.345976,-0.240267,86.567413)
during getFinalState  genP Id -5 Pt 45.2765 M1 88 M2 -1 D1 98 D2 98 p4 (x,y,z,t)=(44.568466,-7.976019,-76.116417,88.689140) (P,eta,phi,E)=(88.564519,-1.291221,-0.177086,88.689140)
during getFinalState  genP Id -5 Pt 44.873 M1 32 M2 -1 D1 99 D2 100 p4 (x,y,z,t)=(44.152328,-8.009952,-75.016777,87.812126) (P,eta,phi,E)=(87.413410,-1.286412,-0.179464,87.812126)
 bbbar_lorentz Mass 125(x,y,z,t)=(82.684517,-55.677127,-31.055458,162.868393) (P,eta,phi,E)=(104.408397,-0.306711,-0.592628,162.868393)
before getFinalState  genP Id -24 Pt 60.3057 M1 63 M2 -1 D1 26 D2 26 p4 (x,y,z,t)=(-32.756405,50.633976,-95.863380,117.498306) (P,eta,phi,E)=(113.254445,-1.243471,2.145007,117.498306)
during getFinalState  genP Id -24 Pt 60.2314 M1 66 M2 -1 D1 69 D2 69 p4 (x,y,z,t)=(-27.789946,53.437256,-95.916679,117.503677) (P,eta,phi,E)=(113.260014,-1.244986,2.050354,117.503677)
during getFinalState  genP Id -24 Pt 60.2314 M1 26 M2 -1 D1 70 D2 70 p4 (x,y,z,t)=(-27.789946,53.437256,-95.916679,117.503677) (P,eta,phi,E)=(113.260014,-1.244986,2.050354,117.503677)
during getFinalState  genP Id -24 Pt 60.2314 M1 69 M2 -1 D1 83 D2 84 p4 (x,y,z,t)=(-27.789946,53.437256,-95.916679,117.503677) (P,eta,phi,E)=(113.260014,-1.244986,2.050354,117.503677)
before getFinalState  genP Id 24 Pt 50.1822 M1 63 M2 -1 D1 25 D2 25 p4 (x,y,z,t)=(-49.928116,5.043149,-88.635063,126.635567) (P,eta,phi,E)=(101.854919,-1.333940,3.040926,126.635567)
during getFinalState  genP Id 24 Pt 45.1468 M1 65 M2 -1 D1 67 D2 67 p4 (x,y,z,t)=(-44.402870,8.161831,-88.020500,124.289909) (P,eta,phi,E)=(98.923399,-1.420890,2.959809,124.289909)
during getFinalState  genP Id 24 Pt 45.1468 M1 25 M2 -1 D1 68 D2 68 p4 (x,y,z,t)=(-44.402870,8.161831,-88.020500,124.289909) (P,eta,phi,E)=(98.923399,-1.420890,2.959809,124.289909)
during getFinalState  genP Id 24 Pt 45.1468 M1 67 M2 -1 D1 71 D2 72 p4 (x,y,z,t)=(-44.402870,8.161831,-88.020500,124.289909) (P,eta,phi,E)=(98.923399,-1.420890,2.959809,124.289909)
 muon eta -0.949604 phi 2.39478 Pt 39.6773
 event id 1
Warning in <TVector3::PseudoRapidity>: transvers momentum = 0! return +/- 10e10
 genP Id 99927 Pt 3.93024e-15 M1 33 M2 58 D1 19 D2 20 p4 (x,y,z,t)=(0.000000,-0.000000,818.519958,882.707703) (P,eta,phi,E)=(818.519958,100000000000.000000,-0.000000,882.707703)
 genP Id 25 Pt 91.7416 M1 22 M2 -1 D1 71 D2 72 p4 (x,y,z,t)=(85.870621,-32.291656,202.176926,254.788193) (P,eta,phi,E)=(222.018071,1.531218,-0.359691,254.788193)
before getFinalState  genP Id 5 Pt 54.4802 M1 69 M2 -1 D1 25 D2 25 p4 (x,y,z,t)=(45.253426,30.335075,27.748070,61.319939) (P,eta,phi,E)=(61.139551,0.489536,0.590540,61.319939)
during getFinalState  genP Id 5 Pt 66.2688 M1 71 M2 -1 D1 73 D2 73 p4 (x,y,z,t)=(57.520786,32.907722,39.746220,77.417122) (P,eta,phi,E)=(77.274323,0.568630,0.519653,77.417122)
during getFinalState  genP Id 5 Pt 65.3964 M1 25 M2 -1 D1 422 D2 422 p4 (x,y,z,t)=(56.771442,32.460564,39.260822,76.440155) (P,eta,phi,E)=(76.276451,0.569126,0.519408,76.440155)
before getFinalState  genP Id -5 Pt 69.7243 M1 69 M2 -1 D1 26 D2 26 p4 (x,y,z,t)=(10.745239,-68.891327,157.192200,172.026031) (P,eta,phi,E)=(171.961806,1.551977,-1.416069,172.026031)
during getFinalState  genP Id -5 Pt 71.0962 M1 72 M2 -1 D1 74 D2 74 p4 (x,y,z,t)=(28.349836,-65.199379,162.430710,177.371063) (P,eta,phi,E)=(177.308792,1.564145,-1.160640,177.371063)
during getFinalState  genP Id -5 Pt 70.9902 M1 26 M2 -1 D1 75 D2 76 p4 (x,y,z,t)=(29.099178,-64.752220,162.916107,178.348038) (P,eta,phi,E)=(177.711199,1.568247,-1.148448,178.348038)
 bbbar_lorentz Mass 125(x,y,z,t)=(55.998665,-38.556252,184.940269,233.345970) (P,eta,phi,E)=(197.041463,1.726034,-0.602980,233.345970)
 event id 2
Warning in <TVector3::PseudoRapidity>: transvers momentum = 0! return +/- 10e10
 genP Id 99927 Pt 2.57914e-15 M1 41 M2 82 D1 11 D2 12 p4 (x,y,z,t)=(0.000000,0.000000,1422.972046,1465.093872) (P,eta,phi,E)=(1422.972046,100000000000.000000,0.000000,1465.093872)
 genP Id 25 Pt 63.7768 M1 14 M2 -1 D1 87 D2 88 p4 (x,y,z,t)=(29.690790,-56.444145,296.445496,327.982330) (P,eta,phi,E)=(303.228324,2.240996,-1.086549,327.982330)
before getFinalState  genP Id 5 Pt 36.2234 M1 85 M2 -1 D1 17 D2 17 p4 (x,y,z,t)=(-26.122021,25.095345,73.127472,81.742599) (P,eta,phi,E)=(81.607374,1.452007,2.376237,81.742599)
during getFinalState  genP Id 5 Pt 38.9979 M1 87 M2 -1 D1 89 D2 89 p4 (x,y,z,t)=(-30.209972,24.661596,77.251320,86.664253) (P,eta,phi,E)=(86.536716,1.435065,2.456968,86.664253)
during getFinalState  genP Id 5 Pt 37.6128 M1 17 M2 -1 D1 90 D2 91 p4 (x,y,z,t)=(-29.254375,23.641186,77.586281,87.005821) (P,eta,phi,E)=(86.222707,1.471356,2.461917,87.005821)
before getFinalState  genP Id -5 Pt 107.148 M1 85 M2 -1 D1 18 D2 18 p4 (x,y,z,t)=(71.408333,-79.884735,223.905716,248.267151) (P,eta,phi,E)=(248.222663,1.483039,-0.841366,248.267151)
during getFinalState  genP Id -5 Pt 100.828 M1 88 M2 -1 D1 94 D2 94 p4 (x,y,z,t)=(59.900761,-81.105736,219.194168,241.318085) (P,eta,phi,E)=(241.272304,1.518826,-0.934663,241.318085)
during getFinalState  genP Id -5 Pt 99.4394 M1 18 M2 -1 D1 95 D2 96 p4 (x,y,z,t)=(58.945168,-80.085327,218.859207,240.976517) (P,eta,phi,E)=(240.390401,1.530046,-0.936296,240.976517)
 bbbar_lorentz Mass 125(x,y,z,t)=(45.286312,-54.789391,297.033188,330.009750) (P,eta,phi,E)=(305.420108,2.137168,-0.880073,330.009750)
before getFinalState  genP Id -24 Pt 47.6185 M1 86 M2 -1 D1 20 D2 20 p4 (x,y,z,t)=(-20.914787,42.779636,525.488159,528.568176) (P,eta,phi,E)=(527.641290,3.096299,2.025521,528.568176)
during getFinalState  genP Id -24 Pt 57.1031 M1 108 M2 -1 D1 111 D2 111 p4 (x,y,z,t)=(-39.997612,40.754864,534.357971,538.310486) (P,eta,phi,E)=(537.400418,2.932197,2.346817,538.310486)
during getFinalState  genP Id -24 Pt 57.1031 M1 20 M2 -1 D1 112 D2 112 p4 (x,y,z,t)=(-39.997612,40.754864,534.357971,538.310486) (P,eta,phi,E)=(537.400418,2.932197,2.346817,538.310486)
during getFinalState  genP Id -24 Pt 57.1031 M1 111 M2 -1 D1 129 D2 130 p4 (x,y,z,t)=(-39.997612,40.754864,534.357971,538.310486) (P,eta,phi,E)=(537.400418,2.932197,2.346817,538.310486)
before getFinalState  genP Id 24 Pt 27.1699 M1 86 M2 -1 D1 19 D2 19 p4 (x,y,z,t)=(-24.371523,12.009751,600.450684,606.515930) (P,eta,phi,E)=(601.065079,3.789228,2.683739,606.515930)
during getFinalState  genP Id 24 Pt 47.5993 M1 107 M2 -1 D1 109 D2 109 p4 (x,y,z,t)=(-46.610859,9.650057,611.201843,618.397705) (P,eta,phi,E)=(613.052517,3.247269,2.937442,618.397705)
during getFinalState  genP Id 24 Pt 47.5993 M1 19 M2 -1 D1 110 D2 110 p4 (x,y,z,t)=(-46.610859,9.650057,611.201843,618.397705) (P,eta,phi,E)=(613.052517,3.247269,2.937442,618.397705)
during getFinalState  genP Id 24 Pt 47.5993 M1 109 M2 -1 D1 113 D2 114 p4 (x,y,z,t)=(-46.610859,9.650057,611.201843,618.397705) (P,eta,phi,E)=(613.052517,3.247269,2.937442,618.397705)
 event id 3
Warning in <TVector3::PseudoRapidity>: transvers momentum = 0! return +/- 10e10
 genP Id 99926 Pt 1.27595e-15 M1 31 M2 62 D1 15 D2 16 p4 (x,y,z,t)=(0.000000,0.000000,2903.468262,2924.306885) (P,eta,phi,E)=(2903.468262,100000000000.000000,0.000000,2924.306885)
 genP Id 25 Pt 112.963 M1 18 M2 -1 D1 67 D2 68 p4 (x,y,z,t)=(-95.176811,-60.844139,1412.322388,1422.336060) (P,eta,phi,E)=(1416.832792,3.220673,-2.572794,1422.336060)
before getFinalState  genP Id 5 Pt 46.2158 M1 65 M2 -1 D1 21 D2 21 p4 (x,y,z,t)=(24.704414,-39.058880,375.626373,378.487976) (P,eta,phi,E)=(378.458817,2.792183,-1.006828,378.487976)
during getFinalState  genP Id 5 Pt 44.8079 M1 67 M2 -1 D1 69 D2 69 p4 (x,y,z,t)=(25.764347,-36.659927,374.933105,377.630371) (P,eta,phi,E)=(377.601093,2.821061,-0.958198,377.630371)
during getFinalState  genP Id 5 Pt 43.372 M1 21 M2 -1 D1 70 D2 71 p4 (x,y,z,t)=(24.020325,-36.113079,377.128113,379.839691) (P,eta,phi,E)=(379.613941,2.859208,-0.983850,379.839691)
before getFinalState  genP Id -5 Pt 127.647 M1 65 M2 -1 D1 22 D2 22 p4 (x,y,z,t)=(-123.871422,-30.816307,1039.669434,1047.486694) (P,eta,phi,E)=(1047.476160,2.794283,-2.897766,1047.486694)
during getFinalState  genP Id -5 Pt 123.335 M1 68 M2 -1 D1 74 D2 74 p4 (x,y,z,t)=(-120.941154,-24.184210,1037.389160,1044.705811) (P,eta,phi,E)=(1044.695127,2.826217,-2.944229,1044.705811)
during getFinalState  genP Id -5 Pt 121.736 M1 22 M2 -1 D1 75 D2 76 p4 (x,y,z,t)=(-119.197136,-24.731060,1035.194214,1042.496460) (P,eta,phi,E)=(1042.327512,2.837079,-2.937015,1042.496460)
 bbbar_lorentz Mass 125(x,y,z,t)=(-99.167007,-69.875187,1415.295807,1425.974670) (P,eta,phi,E)=(1420.485430,3.151706,-2.527772,1425.974670)
before getFinalState  genP Id -24 Pt 103.982 M1 66 M2 -1 D1 24 D2 24 p4 (x,y,z,t)=(95.876144,40.249077,1001.938599,1008.669556) (P,eta,phi,E)=(1007.319800,2.961305,0.397460,1008.669556)
during getFinalState  genP Id -24 Pt 109.171 M1 88 M2 -1 D1 91 D2 91 p4 (x,y,z,t)=(98.703178,46.647518,1007.530457,1014.769470) (P,eta,phi,E)=(1013.427812,2.918412,0.441492,1014.769470)
during getFinalState  genP Id -24 Pt 109.171 M1 24 M2 -1 D1 92 D2 92 p4 (x,y,z,t)=(98.703178,46.647518,1007.530457,1014.769470) (P,eta,phi,E)=(1013.427812,2.918412,0.441492,1014.769470)
during getFinalState  genP Id -24 Pt 109.171 M1 91 M2 -1 D1 93 D2 94 p4 (x,y,z,t)=(98.703178,46.647518,1007.530457,1014.769470) (P,eta,phi,E)=(1013.427812,2.918412,0.441492,1014.769470)
before getFinalState  genP Id 24 Pt 29.8083 M1 66 M2 -1 D1 23 D2 23 p4 (x,y,z,t)=(3.290864,29.626108,486.233917,489.662537) (P,eta,phi,E)=(487.146752,3.485988,1.460170,489.662537)
during getFinalState  genP Id 24 Pt 33.0679 M1 87 M2 -1 D1 89 D2 89 p4 (x,y,z,t)=(4.665411,32.737125,488.522766,492.143677) (P,eta,phi,E)=(489.640663,3.387114,1.429238,492.143677)
during getFinalState  genP Id 24 Pt 33.0679 M1 23 M2 -1 D1 90 D2 90 p4 (x,y,z,t)=(4.665411,32.737125,488.522766,492.143677) (P,eta,phi,E)=(489.640663,3.387114,1.429238,492.143677)
during getFinalState  genP Id 24 Pt 33.0679 M1 89 M2 -1 D1 105 D2 106 p4 (x,y,z,t)=(4.665411,32.737125,488.522766,492.143677) (P,eta,phi,E)=(489.640663,3.387114,1.429238,492.143677)
 event id 4
Warning in <TVector3::PseudoRapidity>: transvers momentum = 0! return +/- 10e10
 genP Id 99926 Pt 3.18079e-14 M1 45 M2 78 D1 17 D2 18 p4 (x,y,z,t)=(0.000000,0.000000,-145.529938,373.949310) (P,eta,phi,E)=(145.529938,-100000000000.000000,0.000000,373.949310)
 genP Id 25 Pt 28.8237 M1 20 M2 -1 D1 87 D2 88 p4 (x,y,z,t)=(22.658932,17.815041,-172.037918,214.599274) (P,eta,phi,E)=(174.435799,-2.486611,0.666286,214.599274)
before getFinalState  genP Id 5 Pt 40.5483 M1 85 M2 -1 D1 23 D2 23 p4 (x,y,z,t)=(-39.248783,10.183018,-8.159411,41.627235) (P,eta,phi,E)=(41.361054,-0.199893,2.887742,41.627235)
during getFinalState  genP Id 5 Pt 37.5653 M1 87 M2 -1 D1 89 D2 89 p4 (x,y,z,t)=(-37.540825,-1.355169,-7.919600,38.677643) (P,eta,phi,E)=(38.391016,-0.209291,-3.105510,38.677643)
during getFinalState  genP Id 5 Pt 36.9288 M1 23 M2 -1 D1 293 D2 293 p4 (x,y,z,t)=(-36.904942,-1.328182,-7.827406,38.078957) (P,eta,phi,E)=(37.749266,-0.210403,-3.105619,38.078957)
before getFinalState  genP Id -5 Pt 82.8768 M1 85 M2 -1 D1 24 D2 24 p4 (x,y,z,t)=(53.692165,63.132523,-164.431778,184.196808) (P,eta,phi,E)=(184.136834,-1.436480,0.866031,184.196808)
during getFinalState  genP Id -5 Pt 63.1784 M1 88 M2 -1 D1 90 D2 90 p4 (x,y,z,t)=(60.199757,19.170210,-164.118317,175.921631) (P,eta,phi,E)=(175.858834,-1.682916,0.308290,175.921631)
during getFinalState  genP Id -5 Pt 62.5645 M1 24 M2 -1 D1 91 D2 92 p4 (x,y,z,t)=(59.563873,19.143223,-164.210510,176.520325) (P,eta,phi,E)=(175.725381,-1.692559,0.310963,176.520325)
 bbbar_lorentz Mass 125(x,y,z,t)=(14.443382,73.315540,-172.591189,225.824043) (P,eta,phi,E)=(188.073120,-1.574137,1.376284,225.824043)
 event id 5
Warning in <TVector3::PseudoRapidity>: transvers momentum = 0! return +/- 10e10
 genP Id 99926 Pt 6.33688e-14 M1 53 M2 74 D1 9 D2 10 p4 (x,y,z,t)=(0.000000,0.000000,-455.130585,579.794739) (P,eta,phi,E)=(455.130585,-100000000000.000000,0.000000,579.794739)
 genP Id 25 Pt 68.9896 M1 12 M2 -1 D1 79 D2 80 p4 (x,y,z,t)=(11.493131,68.025536,-434.606750,457.457733) (P,eta,phi,E)=(440.048399,-2.539874,1.403424,457.457733)
before getFinalState  genP Id 5 Pt 60.6557 M1 77 M2 -1 D1 15 D2 15 p4 (x,y,z,t)=(5.585488,60.397968,-95.761047,113.452103) (P,eta,phi,E)=(113.354711,-1.237675,1.478581,113.452103)
during getFinalState  genP Id 5 Pt 71.4199 M1 79 M2 -1 D1 81 D2 81 p4 (x,y,z,t)=(4.858359,71.254433,-101.291115,124.027321) (P,eta,phi,E)=(123.938242,-1.148543,1.502718,124.027321)
during getFinalState  genP Id 5 Pt 71.2582 M1 15 M2 -1 D1 82 D2 83 p4 (x,y,z,t)=(5.042371,71.079620,-110.700783,133.413940) (P,eta,phi,E)=(131.652578,-1.224086,1.499975,133.413940)
before getFinalState  genP Id -5 Pt 30.7614 M1 77 M2 -1 D1 16 D2 16 p4 (x,y,z,t)=(8.400493,-29.592133,-332.668823,334.121094) (P,eta,phi,E)=(334.088025,-3.076165,-1.294197,334.121094)
during getFinalState  genP Id -5 Pt 7.37875 M1 80 M2 -1 D1 90 D2 90 p4 (x,y,z,t)=(6.634771,-3.228891,-333.315613,333.430420) (P,eta,phi,E)=(333.397276,-4.503755,-0.452920,333.430420)
during getFinalState  genP Id -5 Pt 7.13721 M1 16 M2 -1 D1 91 D2 92 p4 (x,y,z,t)=(6.450760,-3.054081,-323.905945,324.043793) (P,eta,phi,E)=(323.984569,-4.508400,-0.442179,324.043793)
 bbbar_lorentz Mass 125(x,y,z,t)=(13.985981,30.805836,-428.429871,447.573196) (P,eta,phi,E)=(429.763611,-3.233421,1.144617,447.573196)
 photon  genP Id 22 Pt 0.142667 M1 850 M2 -1 D1 -1 D2 -1 p4 (x,y,z,t)=(0.117487,0.080935,0.043890,0.149265) (P,eta,phi,E)=(0.149265,0.302981,0.603226,0.149265)
 event id 6
Warning in <TVector3::PseudoRapidity>: transvers momentum = 0! return +/- 10e10
 genP Id 99926 Pt 1.37864e-14 M1 55 M2 90 D1 7 D2 8 p4 (x,y,z,t)=(0.000000,0.000000,141.523743,366.680817) (P,eta,phi,E)=(141.523743,100000000000.000000,0.000000,366.680817)
 genP Id 25 Pt 111.591 M1 10 M2 -1 D1 95 D2 96 p4 (x,y,z,t)=(-29.455969,-107.632904,7.738100,167.741989) (P,eta,phi,E)=(111.858725,0.069288,-1.837926,167.741989)
before getFinalState  genP Id 5 Pt 16.7374 M1 93 M2 -1 D1 13 D2 13 p4 (x,y,z,t)=(-3.295182,16.409830,38.398308,42.150455) (P,eta,phi,E)=(41.887597,1.567948,1.768966,42.150455)
during getFinalState  genP Id 5 Pt 12.9003 M1 95 M2 -1 D1 97 D2 97 p4 (x,y,z,t)=(-2.019323,12.741227,38.114349,40.511852) (P,eta,phi,E)=(40.238292,1.803973,1.727976,40.511852)
during getFinalState  genP Id 5 Pt 11.3413 M1 13 M2 -1 D1 98 D2 99 p4 (x,y,z,t)=(-2.231589,11.119534,36.589664,40.500626) (P,eta,phi,E)=(38.307017,1.887663,1.768856,40.500626)
before getFinalState  genP Id -5 Pt 111.213 M1 93 M2 -1 D1 14 D2 14 p4 (x,y,z,t)=(-32.288834,-106.422150,-32.793495,116.042000) (P,eta,phi,E)=(115.946781,-0.290758,-1.865373,116.042000)
during getFinalState  genP Id -5 Pt 123.461 M1 96 M2 -1 D1 102 D2 102 p4 (x,y,z,t)=(-27.436646,-120.374130,-30.376249,127.230133) (P,eta,phi,E)=(127.143294,-0.243622,-1.794896,127.230133)
during getFinalState  genP Id -5 Pt 121.833 M1 14 M2 -1 D1 103 D2 104 p4 (x,y,z,t)=(-27.224380,-118.752434,-28.851564,127.241356) (P,eta,phi,E)=(125.202716,-0.234653,-1.796155,127.241356)
 bbbar_lorentz Mass 125(x,y,z,t)=(-35.584015,-90.012320,5.604813,158.192455) (P,eta,phi,E)=(96.952843,0.057874,-1.947265,158.192455)
 event id 7
Warning in <TVector3::PseudoRapidity>: transvers momentum = 0! return +/- 10e10
 genP Id 99926 Pt 1.48405e-14 M1 65 M2 80 D1 15 D2 16 p4 (x,y,z,t)=(0.000000,0.000000,122.826035,365.197357) (P,eta,phi,E)=(122.826035,100000000000.000000,0.000000,365.197357)
 genP Id 25 Pt 97.2506 M1 18 M2 -1 D1 85 D2 86 p4 (x,y,z,t)=(82.790840,51.022999,14.947162,159.078873) (P,eta,phi,E)=(98.392516,0.153099,0.552310,159.078873)
before getFinalState  genP Id 5 Pt 41.4528 M1 83 M2 -1 D1 21 D2 21 p4 (x,y,z,t)=(39.904606,-11.223006,-34.957581,54.428448) (P,eta,phi,E)=(54.225141,-0.766132,-0.274164,54.428448)
during getFinalState  genP Id 5 Pt 51.379 M1 85 M2 -1 D1 87 D2 87 p4 (x,y,z,t)=(45.049599,-24.704895,-33.452274,61.489372) (P,eta,phi,E)=(61.309484,-0.612137,-0.501609,61.489372)
during getFinalState  genP Id 5 Pt 51.3282 M1 21 M2 -1 D1 88 D2 89 p4 (x,y,z,t)=(45.766544,-23.238068,-32.510448,63.356728) (P,eta,phi,E)=(60.757828,-0.597240,-0.469830,63.356728)
before getFinalState  genP Id -5 Pt 100.678 M1 83 M2 -1 D1 22 D2 22 p4 (x,y,z,t)=(29.960606,96.116203,50.603210,112.777374) (P,eta,phi,E)=(112.679401,0.483560,1.268629,112.777374)
during getFinalState  genP Id -5 Pt 84.6116 M1 86 M2 -1 D1 96 D2 96 p4 (x,y,z,t)=(37.741245,75.727890,48.399437,97.589500) (P,eta,phi,E)=(97.476256,0.544684,1.108446,97.589500)
during getFinalState  genP Id -5 Pt 82.9789 M1 22 M2 -1 D1 319 D2 319 p4 (x,y,z,t)=(37.024300,74.261063,47.457611,95.722145) (P,eta,phi,E)=(95.591469,0.544601,1.108294,95.722145)
 bbbar_lorentz Mass 125(x,y,z,t)=(69.865211,84.893197,15.645630,167.205822) (P,eta,phi,E)=(111.053088,0.141828,0.882201,167.205822)
before getFinalState  genP Id -24 Pt 84.7882 M1 84 M2 -1 D1 24 D2 24 p4 (x,y,z,t)=(-65.767799,-53.512928,80.757889,142.353226) (P,eta,phi,E)=(117.093439,0.847360,-2.458575,142.353226)
during getFinalState  genP Id -24 Pt 98.4267 M1 98 M2 -1 D1 101 D2 101 p4 (x,y,z,t)=(-55.052795,-81.590424,83.035042,152.105865) (P,eta,phi,E)=(128.773544,0.766371,-2.164371,152.105865)
during getFinalState  genP Id -24 Pt 98.4267 M1 24 M2 -1 D1 102 D2 102 p4 (x,y,z,t)=(-55.052795,-81.590424,83.035042,152.105865) (P,eta,phi,E)=(128.773544,0.766371,-2.164371,152.105865)
during getFinalState  genP Id -24 Pt 98.4267 M1 101 M2 -1 D1 103 D2 104 p4 (x,y,z,t)=(-55.052795,-81.590424,83.035042,152.105865) (P,eta,phi,E)=(128.773544,0.766371,-2.164371,152.105865)
before getFinalState  genP Id 24 Pt 31.6466 M1 84 M2 -1 D1 23 D2 23 p4 (x,y,z,t)=(-4.097409,-31.380268,26.422516,55.638290) (P,eta,phi,E)=(41.226925,0.759707,-1.700635,55.638290)
during getFinalState  genP Id 24 Pt 42.9525 M1 97 M2 -1 D1 99 D2 99 p4 (x,y,z,t)=(0.318383,-42.951363,28.017826,63.449821) (P,eta,phi,E)=(51.282741,0.613149,-1.563384,63.449821)
during getFinalState  genP Id 24 Pt 42.9525 M1 23 M2 -1 D1 100 D2 100 p4 (x,y,z,t)=(0.318383,-42.951363,28.017826,63.449821) (P,eta,phi,E)=(51.282741,0.613149,-1.563384,63.449821)
during getFinalState  genP Id 24 Pt 42.9525 M1 99 M2 -1 D1 127 D2 128 p4 (x,y,z,t)=(0.318383,-42.951363,28.017826,63.449821) (P,eta,phi,E)=(51.282741,0.613149,-1.563384,63.449821)
 event id 8
Warning in <TVector3::PseudoRapidity>: transvers momentum = 0! return +/- 10e10
 genP Id 99926 Pt 1.01297e-13 M1 35 M2 42 D1 7 D2 8 p4 (x,y,z,t)=(0.000000,-0.000000,-790.565857,863.792847) (P,eta,phi,E)=(790.565857,-100000000000.000000,-0.000000,863.792847)
 genP Id 25 Pt 86.2594 M1 9 M2 -1 D1 102 D2 103 p4 (x,y,z,t)=(69.664886,-50.867367,-183.052811,237.852921) (P,eta,phi,E)=(202.358634,-1.496952,-0.630690,237.852921)
before getFinalState  genP Id 5 Pt 29.9667 M1 46 M2 -1 D1 19 D2 19 p4 (x,y,z,t)=(-28.191582,-10.160686,-96.516144,101.170456) (P,eta,phi,E)=(101.061223,-1.886043,-2.795669,101.170456)
during getFinalState  genP Id 5 Pt 29.8351 M1 102 M2 -1 D1 104 D2 104 p4 (x,y,z,t)=(-28.009365,-10.276586,-96.449944,101.068367) (P,eta,phi,E)=(100.959023,-1.889592,-2.789944,101.068367)
during getFinalState  genP Id 5 Pt 28.8506 M1 19 M2 -1 D1 127 D2 127 p4 (x,y,z,t)=(-27.078011,-9.956729,-93.363785,97.847595) (P,eta,phi,E)=(97.719760,-1.890581,-2.789233,97.847595)
before getFinalState  genP Id -5 Pt 105.326 M1 46 M2 -1 D1 20 D2 20 p4 (x,y,z,t)=(97.291855,-40.347553,-86.217758,136.195526) (P,eta,phi,E)=(136.114407,-0.747109,-0.393120,136.195526)
during getFinalState  genP Id -5 Pt 105.773 M1 103 M2 -1 D1 105 D2 105 p4 (x,y,z,t)=(97.674248,-40.590778,-86.602859,136.784561) (P,eta,phi,E)=(136.703786,-0.747253,-0.393859,136.784561)
during getFinalState  genP Id -5 Pt 105.037 M1 20 M2 -1 D1 106 D2 107 p4 (x,y,z,t)=(96.742897,-40.910637,-89.689018,140.005341) (P,eta,phi,E)=(138.119471,-0.774188,-0.400074,140.005341)
 bbbar_lorentz Mass 125(x,y,z,t)=(69.100273,-50.508239,-182.733902,237.365982) (P,eta,phi,E)=(201.786047,-1.502408,-0.631192,237.365982)
before getFinalState  genP Id -24 Pt 51.3621 M1 45 M2 -1 D1 14 D2 14 p4 (x,y,z,t)=(-37.868382,34.699413,-302.224701,316.904846) (P,eta,phi,E)=(306.558043,-2.472561,2.399836,316.904846)
during getFinalState  genP Id -24 Pt 50.6957 M1 48 M2 -1 D1 51 D2 51 p4 (x,y,z,t)=(-37.297241,34.336136,-302.042633,316.623840) (P,eta,phi,E)=(306.267541,-2.484844,2.397508,316.623840)
during getFinalState  genP Id -24 Pt 50.6957 M1 14 M2 -1 D1 52 D2 52 p4 (x,y,z,t)=(-37.297241,34.336136,-302.042633,316.623840) (P,eta,phi,E)=(306.267541,-2.484844,2.397508,316.623840)
during getFinalState  genP Id -24 Pt 50.6957 M1 51 M2 -1 D1 53 D2 54 p4 (x,y,z,t)=(-37.297241,34.336136,-302.042633,316.623840) (P,eta,phi,E)=(306.267541,-2.484844,2.397508,316.623840)
before getFinalState  genP Id 24 Pt 35.005 M1 45 M2 -1 D1 13 D2 13 p4 (x,y,z,t)=(-31.231888,15.808825,-305.607269,309.522034) (P,eta,phi,E)=(307.605515,-2.863221,2.673017,309.522034)
during getFinalState  genP Id 24 Pt 34.3853 M1 47 M2 -1 D1 49 D2 49 p4 (x,y,z,t)=(-30.706396,15.474582,-305.483093,309.329926) (P,eta,phi,E)=(307.412208,-2.880566,2.674788,309.329926)
during getFinalState  genP Id 24 Pt 34.3853 M1 13 M2 -1 D1 50 D2 50 p4 (x,y,z,t)=(-30.706396,15.474582,-305.483093,309.329926) (P,eta,phi,E)=(307.412208,-2.880566,2.674788,309.329926)
during getFinalState  genP Id 24 Pt 34.3853 M1 49 M2 -1 D1 77 D2 78 p4 (x,y,z,t)=(-30.706396,15.474582,-305.483093,309.329926) (P,eta,phi,E)=(307.412208,-2.880566,2.674788,309.329926)
 event id 9
Warning in <TVector3::PseudoRapidity>: transvers momentum = 0! return +/- 10e10
 genP Id 99926 Pt 1.00854e-14 M1 59 M2 96 D1 19 D2 20 p4 (x,y,z,t)=(0.000000,0.000000,264.019379,428.731506) (P,eta,phi,E)=(264.019379,100000000000.000000,0.000000,428.731506)
 genP Id 25 Pt 55.9315 M1 22 M2 -1 D1 101 D2 102 p4 (x,y,z,t)=(-17.409184,-53.153095,3.512312,136.987839) (P,eta,phi,E)=(56.041659,0.062755,-1.887314,136.987839)
before getFinalState  genP Id 5 Pt 77.569 M1 99 M2 -1 D1 25 D2 25 p4 (x,y,z,t)=(-29.395950,-71.783249,-14.577692,79.066780) (P,eta,phi,E)=(78.926965,-0.186843,-1.959474,79.066780)
during getFinalState  genP Id 5 Pt 94.3432 M1 101 M2 -1 D1 103 D2 103 p4 (x,y,z,t)=(-13.592786,-93.358864,-7.807776,94.782349) (P,eta,phi,E)=(94.665742,-0.082665,-1.715378,94.782349)
during getFinalState  genP Id 5 Pt 80.5955 M1 25 M2 -1 D1 104 D2 105 p4 (x,y,z,t)=(-11.644142,-79.749893,-6.642653,81.247345) (P,eta,phi,E)=(80.868760,-0.082327,-1.715780,81.247345)
before getFinalState  genP Id -5 Pt 51.8581 M1 99 M2 -1 D1 26 D2 26 p4 (x,y,z,t)=(-11.418908,50.585270,14.773088,54.125732) (P,eta,phi,E)=(53.921287,0.281156,1.792811,54.125732)
during getFinalState  genP Id -5 Pt 40.3865 M1 102 M2 -1 D1 108 D2 108 p4 (x,y,z,t)=(-3.816397,40.205772,11.320088,42.205490) (P,eta,phi,E)=(41.942978,0.276748,1.665434,42.205490)
during getFinalState  genP Id -5 Pt 27.2144 M1 26 M2 -1 D1 109 D2 110 p4 (x,y,z,t)=(-5.765040,26.596794,10.154965,55.740494) (P,eta,phi,E)=(29.047349,0.364988,1.784251,55.740494)
 bbbar_lorentz Mass 125(x,y,z,t)=(-40.814858,-21.197979,0.195396,133.192513) (P,eta,phi,E)=(45.991795,0.004249,-2.662570,133.192513)
before getFinalState  genP Id -24 Pt 49.7771 M1 100 M2 -1 D1 28 D2 28 p4 (x,y,z,t)=(48.689655,10.347667,143.387939,171.752136) (P,eta,phi,E)=(151.782271,1.779998,0.209407,171.752136)
during getFinalState  genP Id -24 Pt 73.7802 M1 126 M2 -1 D1 129 D2 129 p4 (x,y,z,t)=(70.989960,-20.098320,150.045166,185.520905) (P,eta,phi,E)=(167.203674,1.458596,-0.275895,185.520905)
during getFinalState  genP Id -24 Pt 73.7802 M1 28 M2 -1 D1 130 D2 130 p4 (x,y,z,t)=(70.989960,-20.098320,150.045166,185.520905) (P,eta,phi,E)=(167.203674,1.458596,-0.275895,185.520905)
during getFinalState  genP Id -24 Pt 73.7802 M1 129 M2 -1 D1 131 D2 132 p4 (x,y,z,t)=(70.989960,-20.098320,150.045166,185.520905) (P,eta,phi,E)=(167.203674,1.458596,-0.275895,185.520905)
before getFinalState  genP Id 24 Pt 13.4068 M1 100 M2 -1 D1 27 D2 27 p4 (x,y,z,t)=(-7.874799,10.850311,120.436028,123.786858) (P,eta,phi,E)=(121.179942,2.891589,2.198607,123.786858)
during getFinalState  genP Id 24 Pt 10.9667 M1 125 M2 -1 D1 127 D2 127 p4 (x,y,z,t)=(6.527381,-8.812585,122.173347,125.240585) (P,eta,phi,E)=(122.664564,3.105734,-0.933281,125.240585)
during getFinalState  genP Id 24 Pt 10.9667 M1 27 M2 -1 D1 128 D2 128 p4 (x,y,z,t)=(6.527381,-8.812585,122.173347,125.240585) (P,eta,phi,E)=(122.664564,3.105734,-0.933281,125.240585)
during getFinalState  genP Id 24 Pt 10.9667 M1 127 M2 -1 D1 139 D2 140 p4 (x,y,z,t)=(6.527381,-8.812585,122.173347,125.240585) (P,eta,phi,E)=(122.664564,3.105734,-0.933281,125.240585)
** Exiting...
