
Processing examples/Example3.C("delphes_output.root")...
** Chain contains 10 events
--  New event -- 
Looping over jet constituents. Jet pt: 58.1744, eta: -1.27502, phi: -0.130604
    Tower pt: 0.0470193, eta: -1.12137, phi: 0.317393
    Tower pt: 0.690639, eta: -1.39231, phi: 0.314506
    Tower pt: 0.0333403, eta: -1.08824, phi: -0.494123
    Track pt: 0.903253, eta: -1.54174, phi: -0.256299
    Tower pt: 5.70495, eta: -1.29126, phi: -0.2751
    Track pt: 4.98084, eta: -1.20935, phi: -0.265623
    Tower pt: 11.4276, eta: -1.27576, phi: -0.0140824
    Track pt: 4.51095, eta: -1.22567, phi: -0.136602
    Tower pt: 5.00043, eta: -1.33188, phi: -0.132331
    Track pt: 17.866, eta: -1.28645, phi: -0.124084
    Tower pt: 0.463308, eta: -1.24843, phi: -0.110016
    Track pt: 5.15146, eta: -1.1767, phi: -0.150055
    Tower pt: 1.65972, eta: -1.19075, phi: -0.142276
Looping over jet constituents. Jet pt: 45.3029, eta: -0.996173, phi: -2.5097
    Tower pt: 0.619734, eta: -1.28571, phi: -2.76776
    Tower pt: 0.107906, eta: -1.06873, phi: -2.29648
    Tower pt: 0.965243, eta: -1.14873, phi: -2.62084
    Tower pt: 0.19987, eta: -0.978226, phi: -2.70061
    Tower pt: 0.433694, eta: -0.84761, phi: -2.62811
    Tower pt: 1.80521, eta: -1.11724, phi: -2.52661
    Tower pt: 0.0248866, eta: -0.878138, phi: -2.44672
    Tower pt: 2.10939, eta: -0.964953, phi: -2.56469
    Track pt: 3.43283, eta: -0.980618, phi: -2.51698
    Track pt: 13.154, eta: -0.988292, phi: -2.54416
    Track pt: 13.5958, eta: -0.97644, phi: -2.47934
    Tower pt: 8.924, eta: -0.985692, phi: -2.44895
Looping over jet constituents. Jet pt: 38.9349, eta: 0.620552, phi: -0.77701
    Tower pt: 3.5609e-06, eta: 0.458634, phi: -1.23604
    Track pt: 2.91403, eta: 0.274318, phi: -0.522903
    Tower pt: 0.480628, eta: 0.639241, phi: -1.24299
    Tower pt: 0.968862, eta: 0.332263, phi: -1.00706
    Tower pt: 0.135645, eta: 0.925533, phi: -0.926005
    Tower pt: 0.326863, eta: 0.367694, phi: -0.89331
    Tower pt: 0.748194, eta: 0.448324, phi: -0.857667
    Tower pt: 0.514367, eta: 0.571848, phi: -0.976368
    Tower pt: 1.06448, eta: 0.554806, phi: -0.952476
    Track pt: 3.23595, eta: 0.620081, phi: -0.947963
    Track pt: 4.75371, eta: 0.663507, phi: -0.900149
    Tower pt: 0.00119315, eta: 0.518491, phi: -0.664312
    Tower pt: 0.119896, eta: 0.780797, phi: -0.684674
    Track pt: 2.18962, eta: 0.701238, phi: -0.783425
    Track pt: 6.79493, eta: 0.680827, phi: -0.717099
    Tower pt: 15.009, eta: 0.649129, phi: -0.720963
Looping over jet constituents. Jet pt: 35.0672, eta: -0.768105, phi: 1.66018
    Tower pt: 0.727551, eta: -0.854619, phi: 1.24389
    Tower pt: 0.0610721, eta: -0.431361, phi: 1.52543
    Tower pt: 0.14269, eta: -1.00035, phi: 1.71972
    Tower pt: 3.09758, eta: -0.862919, phi: 1.54347
    Tower pt: 0.03678, eta: -0.909154, phi: 1.69199
    Track pt: 2.0285, eta: -0.883241, phi: 1.62249
    Track pt: 3.01872, eta: -0.781933, phi: 1.78799
    Track pt: 3.16963, eta: -0.683694, phi: 1.71114
    Track pt: 0.428978, eta: -0.793541, phi: 1.63457
    Track pt: 6.43503, eta: -0.735662, phi: 1.64018
    Track pt: 2.6684, eta: -0.724447, phi: 1.6975
    Track pt: 7.62195, eta: -0.74869, phi: 1.66897
    Tower pt: 5.75028, eta: -0.762076, phi: 1.68742
--  New event -- 
Looping over jet constituents. Jet pt: 74.7955, eta: 0.566961, phi: 0.472693
    Tower pt: 0.137714, eta: 0.917156, phi: 0.799351
    Tower pt: 0.887601, eta: 0.82838, phi: 0.0879982
    Tower pt: 0.578756, eta: 1.01115, phi: 0.402202
    Tower pt: 6.85874, eta: 0.4279, phi: 0.119545
    Track pt: 1.43892, eta: 0.4602, phi: 0.830583
    Track pt: 1.41985, eta: 0.774134, phi: 0.755455
    Tower pt: 3.0563, eta: 0.382822, phi: 0.271665
    Track pt: 2.17415, eta: 0.748644, phi: 0.727185
    Track pt: 2.59813, eta: 0.400182, phi: 0.45133
    Tower pt: 1.77748, eta: 0.486894, phi: 0.351664
    Track pt: 1.19797, eta: 0.606834, phi: 0.642933
    Track pt: 16.4302, eta: 0.651382, phi: 0.509308
    Tower pt: 18.0294, eta: 0.54795, phi: 0.453162
    Tower pt: 0.879763, eta: 0.52128, phi: 0.510728
    Track pt: 3.62958, eta: 0.498075, phi: 0.553564
    Track pt: 8.41575, eta: 0.543574, phi: 0.556789
    Tower pt: 6.18285, eta: 0.523761, phi: 0.57781
Looping over jet constituents. Jet pt: 63.7224, eta: 1.67022, phi: -1.12079
    Tower pt: 0.00294282, eta: 1.16279, phi: -1.16021
    Track pt: 1.08008, eta: 1.52491, phi: -0.680721
    Tower pt: 0.466198, eta: 2.07996, phi: -1.04772
    Tower pt: 0.0817505, eta: 1.58521, phi: -1.56397
    Tower pt: 0.212836, eta: 2.05755, phi: -1.23203
    Track pt: 0.60325, eta: 1.93917, phi: -1.39246
    Tower pt: 0.493795, eta: 1.72936, phi: -1.50409
    Tower pt: 2.38358, eta: 2.00295, phi: -1.05719
    Track pt: 1.60294, eta: 1.91305, phi: -0.906993
    Tower pt: 9.64432, eta: 1.90163, phi: -1.12378
    Tower pt: 0.302082, eta: 1.77243, phi: -0.874805
    Tower pt: 2.5453, eta: 1.59991, phi: -0.809418
    Tower pt: 0.180024, eta: 1.8648, phi: -1.30114
    Tower pt: 1.56101, eta: 1.25536, phi: -1.07317
    Track pt: 1.47573, eta: 1.3531, phi: -1.34797
    Track pt: 2.08676, eta: 1.83476, phi: -1.17241
    Tower pt: 0.496099, eta: 1.6863, phi: -0.92718
    Track pt: 1.63551, eta: 1.61593, phi: -0.910982
    Tower pt: 0.860055, eta: 1.31831, phi: -1.11641
    Tower pt: 0.0203598, eta: 1.68691, phi: -1.07462
    Tower pt: 1.62859, eta: 1.68691, phi: -1.07462
    Track pt: 1.06044, eta: 1.43541, phi: -1.0816
    Tower pt: 0.358646, eta: 1.41901, phi: -1.21074
    Track pt: 3.36497, eta: 1.59077, phi: -1.05206
    Track pt: 1.59865, eta: 1.67247, phi: -1.20485
    Track pt: 1.50857, eta: 1.6042, phi: -1.22694
    Tower pt: 0.339955, eta: 1.60892, phi: -1.2018
    Tower pt: 4.14655, eta: 1.60892, phi: -1.2018
    Track pt: 9.64539, eta: 1.51174, phi: -1.17172
    Track pt: 11.0811, eta: 1.55167, phi: -1.17161
    Track pt: 1.75796, eta: 1.5816, phi: -1.15031
Looping over jet constituents. Jet pt: 52.9339, eta: -1.21562, phi: -2.78697
    Tower pt: 0.429627, eta: -1.63224, phi: -2.79343
    Track pt: 1.0624, eta: -1.1902, phi: 3.11499
    Tower pt: 0.00314088, eta: -1.2467, phi: -2.42928
    Tower pt: 0.471883, eta: -1.2467, phi: -2.42928
    Tower pt: 0.52424, eta: -1.42659, phi: -2.53531
    Tower pt: 0.0932044, eta: -1.4875, phi: -2.66465
    Tower pt: 0.271839, eta: -0.944029, phi: -2.73273
    Tower pt: 0.0465923, eta: -0.956619, phi: -2.69556
    Tower pt: 1.38787, eta: -1.12721, phi: -2.55213
    Tower pt: 0.298969, eta: -1.00064, phi: -2.64716
    Track pt: 1.38866, eta: -1.12553, phi: -3.01679
    Track pt: 0.576617, eta: -1.08505, phi: -2.85973
    Track pt: 4.5726, eta: -1.16898, phi: -2.68183
    Tower pt: 3.50893, eta: -1.29959, phi: -2.85139
    Tower pt: 0.309766, eta: -1.11917, phi: -2.74258
    Track pt: 19.371, eta: -1.22436, phi: -2.7794
    Track pt: 15.7159, eta: -1.20047, phi: -2.80936
    Tower pt: 3.14128, eta: -1.18008, phi: -2.78638
Looping over jet constituents. Jet pt: 52.0564, eta: 1.43513, phi: 2.65713
    Tower pt: 0.305638, eta: 1.89771, phi: 2.7412
    Tower pt: 0.579386, eta: 1.27381, phi: 2.21705
    Tower pt: 0.00208746, eta: 1.28843, phi: 3.07024
    Tower pt: 0.12671, eta: 1.58619, phi: 2.27279
    Tower pt: 0.0463756, eta: 1.08848, phi: 2.44279
    Track pt: 3.46867, eta: 1.03149, phi: 2.66929
    Track pt: 0.563638, eta: 1.05629, phi: 2.73211
    Tower pt: 0.67142, eta: 1.0804, phi: 2.66565
    Tower pt: 0.113192, eta: 1.56109, phi: 3.01268
    Tower pt: 0.0611244, eta: 1.44546, phi: 3.01872
    Tower pt: 0.283329, eta: 1.22936, phi: 2.419
    Tower pt: 2.53754, eta: 1.44971, phi: 2.386
    Track pt: 0.935175, eta: 1.48024, phi: 2.3875
    Tower pt: 0.596695, eta: 1.17026, phi: 2.72136
    Tower pt: 0.332242, eta: 1.51532, phi: 2.94915
    Tower pt: 2.00489, eta: 1.6389, phi: 2.75725
    Track pt: 1.16543, eta: 1.59521, phi: 2.80621
    Track pt: 1.17557, eta: 1.59714, phi: 2.56461
    Tower pt: 2.34749, eta: 1.53455, phi: 2.61166
    Track pt: 5.49606, eta: 1.57703, phi: 2.66409
    Tower pt: 3.85238, eta: 1.58732, phi: 2.65596
    Tower pt: 0.326143, eta: 1.58732, phi: 2.65596
    Tower pt: 0.570622, eta: 1.53442, phi: 2.77256
    Track pt: 1.7773, eta: 1.42105, phi: 2.84554
    Track pt: 1.31144, eta: 1.47274, phi: 2.596
    Tower pt: 1.86901, eta: 1.30415, phi: 2.57607
    Tower pt: 0.763016, eta: 1.32816, phi: 2.57321
    Tower pt: 6.56234, eta: 1.33124, phi: 2.67612
    Tower pt: 0.0356282, eta: 1.41251, phi: 2.70877
    Track pt: 6.21262, eta: 1.39864, phi: 2.70559
    Tower pt: 6.28395, eta: 1.39407, phi: 2.69947
Looping over jet constituents. Jet pt: 39.2588, eta: 0.00534436, phi: 2.33216
    Tower pt: 0.00406072, eta: 0.0763597, phi: 2.82667
    Tower pt: 0.0142853, eta: 0.356157, phi: 2.68443
    Tower pt: 1.54956, eta: 0.322286, phi: 2.57323
    Tower pt: 0.596661, eta: 0.328888, phi: 2.08966
    Tower pt: 0.0165219, eta: 0.136198, phi: 1.93873
    Track pt: 1.08521, eta: 0.311445, phi: 2.45579
    Tower pt: 0.0210222, eta: -0.255043, phi: 2.51919
    Tower pt: 3.95577, eta: 0.0413016, phi: 2.54377
    Track pt: 0.361327, eta: 0.0820567, phi: 2.52387
    Tower pt: 0.00954923, eta: -0.244379, phi: 2.34988
    Tower pt: 1.6382, eta: 0.165119, phi: 2.28844
    Track pt: 2.49877, eta: -0.175597, phi: 2.24894
    Tower pt: 9.3286, eta: -0.0782184, phi: 2.22281
    Tower pt: 1.36575, eta: 0.0850317, phi: 2.39436
    Track pt: 3.016, eta: 0.061205, phi: 2.34217
    Track pt: 1.2831, eta: 0.0407006, phi: 2.33527
    Tower pt: 0.00257514, eta: -0.0114595, phi: 2.29305
    Tower pt: 3.72803, eta: -0.0114595, phi: 2.29305
    Track pt: 8.44063, eta: -0.0466775, phi: 2.34044
    Tower pt: 0.583552, eta: -0.0877265, phi: 2.31421
Looping over jet constituents. Jet pt: 33.2029, eta: 2.81779, phi: 0.551981
    Tower pt: 0.258569, eta: 2.95651, phi: 0.0968083
    Tower pt: 0.244076, eta: 2.95651, phi: 0.0968083
    Tower pt: 0.0069154, eta: 3.2241, phi: 0.594207
    Tower pt: 0.903759, eta: 2.67887, phi: 0.956975
    Track pt: 1.51628, eta: 2.4544, phi: 0.398187
    Tower pt: 0.721872, eta: 2.43689, phi: 0.57403
    Tower pt: 0.515094, eta: 3.11366, phi: 0.310458
    Tower pt: 0.711042, eta: 2.98052, phi: 0.431713
    Tower pt: 7.78074, eta: 2.98052, phi: 0.431713
    Tower pt: 2.70021, eta: 2.65688, phi: 0.34904
    Tower pt: 6.45108, eta: 2.87147, phi: 0.617663
    Tower pt: 1.20819, eta: 2.97498, phi: 0.588414
    Tower pt: 0.105247, eta: 2.78273, phi: 0.858752
    Tower pt: 0.387741, eta: 2.78273, phi: 0.858752
    Tower pt: 1.73045, eta: 2.64282, phi: 0.54481
    Tower pt: 1.04516, eta: 2.66266, phi: 0.691673
    Tower pt: 7.30968, eta: 2.66266, phi: 0.691673
Looping over jet constituents. Jet pt: 21.1818, eta: 0.826775, phi: -2.17848
    Tower pt: 0.206487, eta: 0.481903, phi: -2.52165
    Tower pt: 0.749944, eta: 1.04273, phi: -1.82807
    Track pt: 1.02286, eta: 0.469284, phi: -2.01864
    Tower pt: 0.850534, eta: 0.74815, phi: -2.47154
    Tower pt: 0.0070667, eta: 1.00895, phi: -1.9464
    Tower pt: 0.00118305, eta: 0.838735, phi: -1.91077
    Track pt: 1.48907, eta: 0.674439, phi: -2.02291
    Tower pt: 0.216227, eta: 0.927893, phi: -2.27462
    Tower pt: 1.59777, eta: 0.8288, phi: -2.11588
    Tower pt: 14.2219, eta: 0.850204, phi: -2.20423
    Tower pt: 0.954154, eta: 0.872027, phi: -2.23165
--  New event -- 
Looping over jet constituents. Jet pt: 106.457, eta: 1.51981, phi: -0.915322
    Tower pt: 0.355172, eta: 1.34679, phi: -1.37554
    Tower pt: 0.274992, eta: 1.91671, phi: -0.742728
    Tower pt: 0.19432, eta: 1.81641, phi: -0.734846
    Track pt: 0.647219, eta: 1.47226, phi: -0.572273
    Tower pt: 1.34848, eta: 1.76128, phi: -1.12425
    Tower pt: 6.31493, eta: 1.63709, phi: -0.686167
    Tower pt: 0.330469, eta: 1.24892, phi: -0.905431
    Track pt: 0.451762, eta: 1.64879, phi: -0.76195
    Track pt: 3.27766, eta: 1.69385, phi: -0.893693
    Track pt: 7.31019, eta: 1.57399, phi: -1.10406
    Tower pt: 2.57036, eta: 1.6643, phi: -0.993447
    Tower pt: 3.10148, eta: 1.59588, phi: -1.05187
    Tower pt: 8.74028, eta: 1.56889, phi: -1.04552
    Tower pt: 2.29785, eta: 1.62395, phi: -0.821873
    Track pt: 1.34026, eta: 1.61276, phi: -0.98431
    Tower pt: 6.36004, eta: 1.51868, phi: -1.04513
    Tower pt: 2.09125, eta: 1.50609, phi: -0.717903
    Tower pt: 0.927597, eta: 1.31165, phi: -0.989566
    Track pt: 7.19439, eta: 1.52683, phi: -0.809649
    Track pt: 1.49955, eta: 1.52224, phi: -0.956401
    Tower pt: 0.5919, eta: 1.48219, phi: -0.841843
    Tower pt: 0.398916, eta: 1.48219, phi: -0.841843
    Track pt: 11.3273, eta: 1.48792, phi: -0.898114
    Track pt: 6.36499, eta: 1.48533, phi: -0.914204
    Tower pt: 0.751887, eta: 1.33817, phi: -0.868402
    Tower pt: 0.420987, eta: 1.41869, phi: -0.821166
    Track pt: 8.37172, eta: 1.38889, phi: -0.83555
    Tower pt: 2.46317, eta: 1.35714, phi: -0.905753
    Tower pt: 19.8481, eta: 1.41241, phi: -0.899632
Looping over jet constituents. Jet pt: 67.9242, eta: 2.45513, phi: 1.5653
    Tower pt: 1.4026, eta: 2.5144, phi: 1.1037
    Tower pt: 0.641647, eta: 2.73247, phi: 1.22836
    Tower pt: 3.16967, eta: 2.868, phi: 1.572
    Tower pt: 0.0406485, eta: 2.67349, phi: 1.20062
    Tower pt: 0.0305471, eta: 2.5538, phi: 2.00792
    Tower pt: 2.58499, eta: 2.80845, phi: 1.74938
    Track pt: 0.423805, eta: 2.03473, phi: 1.27385
    Track pt: 1.23423, eta: 2.44669, phi: 1.13556
    Tower pt: 0.852027, eta: 2.78159, phi: 1.68246
    Tower pt: 0.177331, eta: 2.64845, phi: 1.27192
    Tower pt: 0.301561, eta: 2.3613, phi: 1.17268
    Track pt: 2.90037, eta: 2.39427, phi: 1.19066
    Tower pt: 0.989261, eta: 2.29341, phi: 1.24061
    Track pt: 4.87695, eta: 2.41658, phi: 1.31135
    Tower pt: 2.09289, eta: 2.44458, phi: 1.92161
    Tower pt: 3.66317, eta: 2.54448, phi: 1.53774
    Tower pt: 2.45887, eta: 2.45838, phi: 1.48095
    Tower pt: 1.74031, eta: 2.45838, phi: 1.48095
    Track pt: 2.85954, eta: 2.18908, phi: 1.53995
    Track pt: 1.24112, eta: 2.17984, phi: 1.69953
    Track pt: 0.986389, eta: 2.34424, phi: 1.48914
    Tower pt: 0.881702, eta: 2.5231, phi: 1.69564
    Tower pt: 3.59582, eta: 2.23874, phi: 1.71477
    Track pt: 0.990834, eta: 2.47542, phi: 1.66616
    Track pt: 1.01883, eta: 2.30133, phi: 1.59856
    Tower pt: 0.177722, eta: 2.41337, phi: 1.72434
    Track pt: 3.22558, eta: 2.41879, phi: 1.61447
    Track pt: 1.22286, eta: 2.36757, phi: 1.70856
    Track pt: 0.665353, eta: 2.346, phi: 1.63979
    Track pt: 22.6254, eta: 2.3614, phi: 1.66095
Looping over jet constituents. Jet pt: 61.4867, eta: -2.12203, phi: -0.821867
    Tower pt: 0.0395556, eta: -1.98635, phi: -0.342006
    Tower pt: 0.815891, eta: -2.54445, phi: -0.657852
    Tower pt: 0.117402, eta: -1.88362, phi: -1.19962
    Track pt: 1.19453, eta: -2.47199, phi: -0.917763
    Tower pt: 0.000196026, eta: -1.82696, phi: -1.06689
    Tower pt: 0.177757, eta: -1.82696, phi: -1.06689
    Track pt: 0.33552, eta: -2.0683, phi: -1.16807
    Tower pt: 0.124162, eta: -1.9333, phi: -1.04943
    Tower pt: 3.92372, eta: -1.85762, phi: -0.752614
    Tower pt: 1.79407, eta: -2.32487, phi: -0.725428
    Track pt: 0.517418, eta: -2.09995, phi: -1.00944
    Tower pt: 2.1284, eta: -1.98631, phi: -0.921863
    Track pt: 6.08096, eta: -2.08298, phi: -0.923367
    Track pt: 2.02863, eta: -2.2139, phi: -0.855238
    Tower pt: 0.0446908, eta: -2.19672, phi: -0.877978
    Track pt: 8.15402, eta: -2.16036, phi: -0.87499
    Tower pt: 10.2772, eta: -2.1671, phi: -0.772831
    Track pt: 4.69473, eta: -2.03071, phi: -0.796093
    Track pt: 5.48598, eta: -2.09634, phi: -0.798521
    Track pt: 13.7128, eta: -2.09395, phi: -0.791057
Looping over jet constituents. Jet pt: 57.1872, eta: 2.22673, phi: -3.08161
    Tower pt: 0.0569131, eta: 1.75096, phi: -2.92036
    Track pt: 0.447172, eta: 1.81309, phi: -2.81839
    Track pt: 3.15706, eta: 2.29597, phi: 2.82446
    Tower pt: 0.098787, eta: 1.93927, phi: 2.96806
    Tower pt: 0.0495406, eta: 2.51621, phi: 3.03354
    Track pt: 3.90076, eta: 2.24162, phi: -3.09339
    Track pt: 20.5638, eta: 2.22559, phi: -3.06674
    Tower pt: 2.19441, eta: 2.21542, phi: -3.0539
    Tower pt: 26.9738, eta: 2.21542, phi: -3.0539
Looping over jet constituents. Jet pt: 42.4483, eta: 2.78149, phi: 2.48558
    Tower pt: 0.0474609, eta: 2.96077, phi: 2.03178
    Tower pt: 2.11723, eta: 2.85896, phi: 2.08943
    Tower pt: 0.215053, eta: 3.18431, phi: 2.50561
    Tower pt: 0.363271, eta: 2.937, phi: 2.8383
    Tower pt: 0.42168, eta: 3.05595, phi: 2.74015
    Tower pt: 0.16812, eta: 2.78213, phi: 2.17937
    Tower pt: 0.340097, eta: 2.5506, phi: 2.39508
    Tower pt: 0.135551, eta: 2.5506, phi: 2.39508
    Tower pt: 2.1893, eta: 2.69176, phi: 2.70266
    Tower pt: 2.67759, eta: 2.63447, phi: 2.50627
    Tower pt: 17.9044, eta: 2.77875, phi: 2.49054
    Tower pt: 16.1354, eta: 2.77875, phi: 2.49054
Looping over jet constituents. Jet pt: 36.9749, eta: 1.48076, phi: 2.40677
    Tower pt: 1.82121, eta: 1.60182, phi: 2.08452
    Tower pt: 0.255115, eta: 1.385, phi: 2.12313
    Tower pt: 0.108418, eta: 1.76578, phi: 2.46123
    Track pt: 0.543488, eta: 1.35659, phi: 2.67553
    Tower pt: 4.24711, eta: 1.4751, phi: 2.2154
    Tower pt: 1.49099, eta: 1.32127, phi: 2.27066
    Track pt: 2.66327, eta: 1.58473, phi: 2.3104
    Tower pt: 0.0746109, eta: 1.53472, phi: 2.63108
    Track pt: 5.62684, eta: 1.59372, phi: 2.44748
    Track pt: 1.18665, eta: 1.43323, phi: 2.59786
    Tower pt: 6.61229, eta: 1.44839, phi: 2.55558
    Tower pt: 0.443112, eta: 1.2869, phi: 2.38526
    Track pt: 5.13906, eta: 1.43092, phi: 2.41789
    Track pt: 0.388959, eta: 1.427, phi: 2.41702
    Tower pt: 0.287078, eta: 1.38884, phi: 2.40224
    Tower pt: 6.42099, eta: 1.39006, phi: 2.44771
--  New event -- 
Looping over jet constituents. Jet pt: 106.641, eta: 2.83104, phi: -2.87098
    Tower pt: 0.245418, eta: 2.37051, phi: -3.07596
    Tower pt: 0.181741, eta: 2.5694, phi: -2.46552
    Tower pt: 2.10649, eta: 2.5694, phi: -2.46552
    Tower pt: 0.0160531, eta: 3.10338, phi: 3.06176
    Tower pt: 0.99081, eta: 2.44282, phi: -2.73703
    Tower pt: 0.312713, eta: 3.21687, phi: -3.0344
    Tower pt: 0.0962952, eta: 2.55313, phi: 3.11912
    Tower pt: 2.69965, eta: 2.70416, phi: -2.63255
    Tower pt: 0.823902, eta: 2.57804, phi: -2.96211
    Tower pt: 0.0468753, eta: 2.90762, phi: -3.09092
    Tower pt: 0.559572, eta: 2.93348, phi: -2.69892
    Tower pt: 0.621596, eta: 2.93348, phi: -2.69892
    Tower pt: 3.4332, eta: 2.73574, phi: -3.01068
    Tower pt: 0.0276553, eta: 2.97015, phi: -2.9237
    Tower pt: 1.02871, eta: 2.97015, phi: -2.9237
    Tower pt: 22.0919, eta: 2.84058, phi: -2.88186
    Tower pt: 69.9298, eta: 2.84058, phi: -2.88186
    Tower pt: 0.357262, eta: 2.88989, phi: -2.93852
    Tower pt: 1.42281, eta: 2.88989, phi: -2.93852
Looping over jet constituents. Jet pt: 70.8761, eta: 2.57057, phi: 0.305133
    Tower pt: 0.173327, eta: 3.01037, phi: 0.436599
    Tower pt: 0.24993, eta: 2.85128, phi: -0.03179
    Tower pt: 0.283797, eta: 2.27332, phi: 0.029153
    Tower pt: 0.825597, eta: 2.31204, phi: 0.592145
    Tower pt: 1.33739, eta: 2.31204, phi: 0.592145
    Tower pt: 0.079541, eta: 2.45869, phi: 0.609473
    Track pt: 1.27436, eta: 2.24321, phi: 0.27262
    Tower pt: 0.0449093, eta: 2.86836, phi: 0.441303
    Tower pt: 0.340052, eta: 2.36463, phi: 0.479099
    Tower pt: 5.55513, eta: 2.63691, phi: 0.458188
    Tower pt: 13.6305, eta: 2.63691, phi: 0.458188
    Tower pt: 0.183472, eta: 2.73917, phi: 0.114511
    Tower pt: 0.538004, eta: 2.4014, phi: 0.327146
    Tower pt: 34.4671, eta: 2.55043, phi: 0.231954
    Tower pt: 12.3708, eta: 2.55043, phi: 0.231954
Looping over jet constituents. Jet pt: 44.1283, eta: 2.8769, phi: -0.953428
    Tower pt: 1.2729, eta: 3.0739, phi: -0.543494
    Tower pt: 0.0148212, eta: 3.1692, phi: -1.31966
    Tower pt: 0.338179, eta: 2.43457, phi: -0.918418
    Tower pt: 0.0161587, eta: 3.25354, phi: -0.926013
    Tower pt: 0.300146, eta: 3.25354, phi: -0.926013
    Tower pt: 0.534398, eta: 2.62957, phi: -0.746149
    Tower pt: 4.4376, eta: 2.6034, phi: -1.10464
    Tower pt: 0.00284528, eta: 2.79191, phi: -0.69585
    Tower pt: 0.363194, eta: 2.76853, phi: -0.727666
    Tower pt: 6.06985, eta: 2.76853, phi: -0.727666
    Tower pt: 2.08572, eta: 2.90606, phi: -1.17044
    Tower pt: 0.956009, eta: 3.05542, phi: -0.990635
    Tower pt: 4.05601, eta: 3.05542, phi: -0.990635
    Tower pt: 11.2268, eta: 2.93726, phi: -0.934258
    Tower pt: 1.00442, eta: 2.80631, phi: -1.07582
    Tower pt: 9.92489, eta: 2.82882, phi: -1.02607
    Tower pt: 1.94984, eta: 2.82882, phi: -1.02607
Looping over jet constituents. Jet pt: 40.2322, eta: 3.54243, phi: 0.960639
    Tower pt: 0.0886428, eta: 3.0399, phi: 1.00547
    Tower pt: 0.828962, eta: 3.23415, phi: 0.648504
    Tower pt: 3.16321, eta: 3.23415, phi: 0.648504
    Tower pt: 0.0632016, eta: 3.20548, phi: 1.22906
    Tower pt: 0.0587315, eta: 3.20548, phi: 1.22906
    Tower pt: 1.70263, eta: 3.43206, phi: 0.639261
    Tower pt: 3.81784, eta: 3.24681, phi: 0.820687
    Tower pt: 0.531853, eta: 3.5746, phi: 0.6535
    Tower pt: 0.021696, eta: 3.40057, phi: 1.261
    Tower pt: 0.116626, eta: 3.40057, phi: 1.261
    Tower pt: 1.88791, eta: 3.42769, phi: 0.871699
    Tower pt: 0.0205501, eta: 3.47167, phi: 0.873983
    Tower pt: 0.457598, eta: 3.58018, phi: 0.858873
    Tower pt: 3.21388, eta: 3.58018, phi: 0.858873
    Tower pt: 7.53501, eta: 3.71059, phi: 0.983361
    Tower pt: 2.22228, eta: 3.52559, phi: 0.949778
    Tower pt: 1.52247, eta: 3.51119, phi: 1.23725
    Tower pt: 13.6244, eta: 3.5721, phi: 1.1347
Looping over jet constituents. Jet pt: 20.7277, eta: 1.47708, phi: 2.27264
    Tower pt: 0.584322, eta: 1.91678, phi: 2.31405
    Tower pt: 0.156412, eta: 1.82166, phi: 2.47919
    Tower pt: 0.528117, eta: 1.64772, phi: 2.623
    Track pt: 2.72467, eta: 1.22307, phi: 2.53908
    Tower pt: 0.392774, eta: 1.34475, phi: 2.59925
    Track pt: 0.369671, eta: 1.46263, phi: 2.60331
    Track pt: 0.551743, eta: 1.16421, phi: 2.40487
    Track pt: 1.45663, eta: 1.25739, phi: 2.27003
    Tower pt: 0.459415, eta: 1.32363, phi: 2.29623
    Track pt: 2.47135, eta: 1.31825, phi: 2.1223
    Tower pt: 0.0870773, eta: 1.43325, phi: 2.28314
    Tower pt: 2.1113, eta: 1.49356, phi: 2.32938
    Tower pt: 1.39304, eta: 1.50116, phi: 2.37849
    Tower pt: 0.197027, eta: 1.73225, phi: 2.28061
    Tower pt: 0.710102, eta: 1.73743, phi: 2.05056
    Tower pt: 0.347181, eta: 1.70554, phi: 2.23484
    Track pt: 5.74907, eta: 1.5174, phi: 2.10989
    Tower pt: 0.752516, eta: 1.63944, phi: 2.16772
--  New event -- 
Looping over jet constituents. Jet pt: 122.866, eta: 0.400301, phi: -1.68304
    Track pt: 1.16233, eta: 0.808492, phi: -1.63206
    Tower pt: 4.02062, eta: 0.130926, phi: -1.39997
    Tower pt: 1.37673, eta: 0.240665, phi: -1.33283
    Tower pt: 0.376781, eta: 0.0493314, phi: -1.53317
    Tower pt: 0.58412, eta: 0.10193, phi: -1.78226
    Tower pt: 0.017238, eta: 0.171111, phi: -1.51315
    Tower pt: 4.63302, eta: 0.475436, phi: -1.42208
    Tower pt: 1.32162, eta: 0.588293, phi: -1.48903
    Track pt: 0.370189, eta: 0.3837, phi: -1.97905
    Tower pt: 0.262318, eta: 0.323583, phi: -1.9558
    Tower pt: 1.34711, eta: 0.490152, phi: -1.50691
    Track pt: 1.03958, eta: 0.506099, phi: -1.53636
    Track pt: 1.09039, eta: 0.220616, phi: -1.81052
    Track pt: 2.40328, eta: 0.366384, phi: -1.53267
    Track pt: 2.00329, eta: 0.229409, phi: -1.75972
    Tower pt: 0.50153, eta: 0.562276, phi: -1.65833
    Track pt: 1.72784, eta: 0.266555, phi: -1.63041
    Track pt: 4.99877, eta: 0.521791, phi: -1.69386
    Tower pt: 0.701344, eta: 0.384627, phi: -1.61259
    Tower pt: 2.99008, eta: 0.474612, phi: -1.64938
    Track pt: 4.84526, eta: 0.450827, phi: -1.63434
    Track pt: 3.90176, eta: 0.382824, phi: -1.6308
    Track pt: 3.63371, eta: 0.311743, phi: -1.72546
    Track pt: 7.35764, eta: 0.34717, phi: -1.68255
    Track pt: 10.7199, eta: 0.363586, phi: -1.66689
    Track pt: 3.6535, eta: 0.337923, phi: -1.78676
    Tower pt: 1.77129, eta: 0.335047, phi: -1.7551
    Track pt: 5.53514, eta: 0.349423, phi: -1.71013
    Tower pt: 6.9928, eta: 0.355923, phi: -1.72179
    Tower pt: 2.51754, eta: 0.357348, phi: -1.78342
    Track pt: 9.30865, eta: 0.398674, phi: -1.751
    Track pt: 1.73247, eta: 0.464621, phi: -1.70665
    Tower pt: 28.6738, eta: 0.458762, phi: -1.75959
Looping over jet constituents. Jet pt: 58.3594, eta: -1.66345, phi: 0.281977
    Tower pt: 3.80413, eta: -1.59891, phi: 0.689303
    Tower pt: 0.734313, eta: -1.83628, phi: 0.637713
    Tower pt: 1.06109, eta: -1.37367, phi: 0.55186
    Tower pt: 1.38929, eta: -1.64572, phi: -0.122499
    Tower pt: 0.333004, eta: -2.00543, phi: 0.209894
    Tower pt: 0.186682, eta: -1.36745, phi: 0.049653
    Tower pt: 0.19961, eta: -1.30916, phi: 0.247556
    Track pt: 1.88218, eta: -1.83811, phi: 0.500603
    Tower pt: 0.485599, eta: -1.37062, phi: 0.119787
    Tower pt: 0.0237188, eta: -1.91928, phi: 0.121106
    Tower pt: 1.39262, eta: -1.80699, phi: 0.0567907
    Track pt: 1.18331, eta: -1.57017, phi: 0.472772
    Tower pt: 2.62292, eta: -1.63873, phi: 0.416991
    Track pt: 4.08665, eta: -1.76572, phi: 0.157823
    Track pt: 6.51163, eta: -1.64238, phi: 0.356645
    Track pt: 1.5653, eta: -1.52707, phi: 0.250882
    Tower pt: 2.19292, eta: -1.65691, phi: 0.300492
    Tower pt: 2.82145, eta: -1.64559, phi: 0.306266
    Tower pt: 1.53077, eta: -1.64559, phi: 0.306266
    Track pt: 9.69439, eta: -1.61935, phi: 0.1545
    Tower pt: 15.4583, eta: -1.6471, phi: 0.226155
Looping over jet constituents. Jet pt: 46.5884, eta: 1.47346, phi: 1.959
    Tower pt: 2.08717, eta: 1.18753, phi: 2.27028
    Tower pt: 0.178266, eta: 1.714, phi: 1.58225
    Tower pt: 0.197734, eta: 1.65848, phi: 1.56417
    Tower pt: 1.06574, eta: 1.11669, phi: 2.08627
    Tower pt: 0.262177, eta: 1.827, phi: 1.7698
    Tower pt: 0.0692244, eta: 1.12972, phi: 1.83036
    Track pt: 0.470401, eta: 1.20251, phi: 1.80756
    Tower pt: 0.108869, eta: 1.24058, phi: 1.89606
    Tower pt: 0.0071056, eta: 1.58472, phi: 2.12425
    Tower pt: 0.206519, eta: 1.306, phi: 1.97036
    Track pt: 3.0919, eta: 1.42572, phi: 1.82928
    Tower pt: 0.296779, eta: 1.39312, phi: 1.865
    Track pt: 5.53856, eta: 1.46064, phi: 2.06279
    Track pt: 10.0051, eta: 1.53668, phi: 1.91913
    Tower pt: 23.2169, eta: 1.48373, phi: 1.94834
Looping over jet constituents. Jet pt: 37.0758, eta: -0.176989, phi: 3.1209
    Tower pt: 0.0252295, eta: 0.302281, phi: 3.00916
    Tower pt: 0.0172936, eta: -0.609706, phi: -3.00702
    Tower pt: 0.0321582, eta: 0.197075, phi: -2.88033
    Tower pt: 0.0464267, eta: -0.165093, phi: -2.75298
    Tower pt: 3.15369, eta: -0.175707, phi: -2.75288
    Tower pt: 0.0792255, eta: 0.16864, phi: 2.86589
    Tower pt: 1.73579, eta: 0.126971, phi: -3.09025
    Track pt: 2.93695, eta: 0.108937, phi: 2.98586
    Track pt: 2.93293, eta: 0.1108, phi: 3.00312
    Tower pt: 0.700656, eta: -0.223698, phi: -2.84499
    Tower pt: 0.679774, eta: -0.223698, phi: -2.84499
    Tower pt: 0.166006, eta: -0.289581, phi: -2.90449
    Track pt: 1.06816, eta: -0.403324, phi: -2.94318
    Track pt: 2.58339, eta: -0.134686, phi: -3.01185
    Tower pt: 5.15432, eta: -0.0895115, phi: -3.01505
    Tower pt: 0.201263, eta: -0.532275, phi: 2.73608
    Track pt: 0.415544, eta: -0.487546, phi: 2.70272
    Tower pt: 1.24472, eta: -0.482548, phi: 2.92441
    Track pt: 1.27863, eta: -0.362731, phi: -3.1339
    Tower pt: 0.0251081, eta: -0.174208, phi: 2.83723
    Tower pt: 0.00233248, eta: -0.369103, phi: 3.00693
    Tower pt: 1.83652, eta: -0.258672, phi: 3.04118
    Tower pt: 1.2737, eta: -0.302212, phi: 3.00465
    Tower pt: 10.2312, eta: -0.289529, phi: 2.94964
Looping over jet constituents. Jet pt: 31.1121, eta: -1.5925, phi: 1.51571
    Tower pt: 0.152457, eta: -2.03872, phi: 1.58834
    Tower pt: 0.264044, eta: -1.777, phi: 1.91817
    Tower pt: 0.267875, eta: -1.15329, phi: 1.64422
    Tower pt: 0.0945902, eta: -1.82105, phi: 1.16398
    Tower pt: 0.250511, eta: -1.38755, phi: 1.18613
    Track pt: 1.69433, eta: -1.54012, phi: 1.15374
    Tower pt: 0.493472, eta: -1.34076, phi: 1.25292
    Track pt: 2.01166, eta: -1.72282, phi: 1.32223
    Track pt: 1.37737, eta: -1.78796, phi: 1.45708
    Track pt: 1.00574, eta: -1.36807, phi: 1.67611
    Track pt: 5.6079, eta: -1.68598, phi: 1.5499
    Tower pt: 1.51555, eta: -1.42183, phi: 1.54164
    Tower pt: 0.19279, eta: -1.65125, phi: 1.5745
    Track pt: 1.03874, eta: -1.64285, phi: 1.58033
    Track pt: 1.08817, eta: -1.49423, phi: 1.53146
    Tower pt: 0.204948, eta: -1.50383, phi: 1.54745
    Tower pt: 4.20658, eta: -1.50383, phi: 1.54745
    Track pt: 9.883, eta: -1.56062, phi: 1.56963
    Tower pt: 0.00799302, eta: -1.53617, phi: 1.62441
--  New event -- 
Looping over jet constituents. Jet pt: 67.8288, eta: -1.20687, phi: 1.52326
    Tower pt: 0.430908, eta: -0.732717, phi: 1.6081
    Tower pt: 2.12533, eta: -0.762682, phi: 1.45957
    Track pt: 2.58667, eta: -0.801242, phi: 1.3419
    Tower pt: 1.09731, eta: -0.998937, phi: 1.88991
    Tower pt: 4.87132, eta: -0.812184, phi: 1.58368
    Tower pt: 0.835427, eta: -1.25576, phi: 1.90732
    Tower pt: 2.05008, eta: -0.884444, phi: 1.58125
    Track pt: 1.52198, eta: -0.959662, phi: 1.34066
    Track pt: 4.80322, eta: -0.929185, phi: 1.46389
    Track pt: 2.48597, eta: -0.973791, phi: 1.65958
    Tower pt: 2.5812, eta: -1.66073, phi: 1.44534
    Tower pt: 0.00687806, eta: -0.996157, phi: 1.36989
    Track pt: 1.13708, eta: -1.39731, phi: 1.76433
    Tower pt: 0.666199, eta: -1.05896, phi: 1.57538
    Track pt: 1.69727, eta: -1.46027, phi: 1.56148
    Tower pt: 1.31401, eta: -1.44634, phi: 1.44109
    Tower pt: 1.7572, eta: -1.43509, phi: 1.53808
    Track pt: 1.02802, eta: -1.26907, phi: 1.37593
    Tower pt: 0.633703, eta: -1.38369, phi: 1.42579
    Track pt: 3.31152, eta: -1.3813, phi: 1.52159
    Tower pt: 13.0686, eta: -1.27541, phi: 1.46268
    Track pt: 3.3644, eta: -1.2526, phi: 1.59763
    Tower pt: 0.0321727, eta: -1.25201, phi: 1.58446
    Track pt: 7.40825, eta: -1.30826, phi: 1.54679
    Tower pt: 7.36432, eta: -1.27471, phi: 1.54571
Looping over jet constituents. Jet pt: 51.5639, eta: 0.609629, phi: -0.257105
    Tower pt: 0.607961, eta: 0.452957, phi: 0.151939
    Tower pt: 0.0459124, eta: 0.772098, phi: -0.613659
    Tower pt: 0.230442, eta: 0.501465, phi: -0.622044
    Tower pt: 0.0924275, eta: 0.570452, phi: -0.622166
    Tower pt: 0.0678108, eta: 0.427597, phi: -0.495019
    Tower pt: 1.57656, eta: 0.375314, phi: -0.416741
    Tower pt: 0.267933, eta: 0.850461, phi: -0.150203
    Track pt: 1.00586, eta: 0.611011, phi: -0.0262759
    Track pt: 1.15814, eta: 0.684988, phi: -0.0555526
    Track pt: 2.64515, eta: 0.463522, phi: -0.144163
    Track pt: 4.09753, eta: 0.621414, phi: -0.0851712
    Tower pt: 2.3191, eta: 0.739865, phi: -0.144967
    Tower pt: 0.700422, eta: 0.433403, phi: -0.308135
    Track pt: 2.12174, eta: 0.696446, phi: -0.223905
    Track pt: 3.81823, eta: 0.715289, phi: -0.333516
    Tower pt: 0.97324, eta: 0.657874, phi: -0.401237
    Track pt: 2.0282, eta: 0.554834, phi: -0.37943
    Tower pt: 0.8774, eta: 0.526402, phi: -0.234663
    Tower pt: 7.39026, eta: 0.621236, phi: -0.30559
    Tower pt: 5.61337, eta: 0.621236, phi: -0.30559
    Track pt: 11.7219, eta: 0.589013, phi: -0.27939
    Tower pt: 2.50213, eta: 0.567966, phi: -0.28804
Looping over jet constituents. Jet pt: 40.4226, eta: -1.05121, phi: -2.55914
    Tower pt: 0.494632, eta: -1.50407, phi: -2.57511
    Tower pt: 0.0168912, eta: -0.58478, phi: -2.43882
    Tower pt: 9.00601, eta: -1.02861, phi: -2.22603
    Track pt: 1.48011, eta: -0.831732, phi: -2.28178
    Tower pt: 1.70988, eta: -0.788482, phi: -2.39197
    Tower pt: 1.06094, eta: -1.31783, phi: -2.51859
    Tower pt: 0.678569, eta: -1.08119, phi: -2.38353
    Track pt: 1.85911, eta: -1.04276, phi: -2.41742
    Tower pt: 0.565424, eta: -1.21733, phi: -2.55218
    Tower pt: 0.376326, eta: -1.11851, phi: -2.55654
    Tower pt: 6.0302, eta: -1.11851, phi: -2.55654
    Track pt: 2.46266, eta: -1.16505, phi: -2.82965
    Track pt: 1.68339, eta: -0.974523, phi: -2.6449
    Track pt: 2.65548, eta: -0.881226, phi: -2.75319
    Tower pt: 0.0244935, eta: -1.06596, phi: -2.76958
    Track pt: 4.98231, eta: -1.00431, phi: -2.7935
    Track pt: 6.42575, eta: -0.956288, phi: -2.81032
Looping over jet constituents. Jet pt: 35.6308, eta: -0.65414, phi: 2.79652
    Track pt: 1.00692, eta: -1.08309, phi: 2.89977
    Tower pt: 0.700508, eta: -1.01292, phi: 2.58193
    Track pt: 0.752989, eta: -0.982532, phi: 2.53614
    Tower pt: 1.73443, eta: -0.758823, phi: 2.4144
    Track pt: 2.39179, eta: -0.337782, phi: 3.09213
    Tower pt: 0.0224935, eta: -0.292103, phi: 3.00754
    Tower pt: 0.158304, eta: -0.741276, phi: 2.47596
    Tower pt: 1.64344, eta: -0.741276, phi: 2.47596
    Tower pt: 0.000362101, eta: -0.441058, phi: 2.56706
    Tower pt: 0.264829, eta: -0.663138, phi: 2.54509
    Tower pt: 2.86354, eta: -0.692137, phi: 3.01201
    Track pt: 5.28212, eta: -0.562102, phi: 2.69668
    Tower pt: 6.12466, eta: -0.53192, phi: 2.86176
    Track pt: 1.96962, eta: -0.727941, phi: 2.87617
    Track pt: 2.05626, eta: -0.729884, phi: 2.78425
    Track pt: 4.76035, eta: -0.659789, phi: 2.82878
    Track pt: 4.38919, eta: -0.601039, phi: 2.80743
Looping over jet constituents. Jet pt: 35.4173, eta: 1.15448, phi: -1.61093
    Tower pt: 0.503372, eta: 0.800974, phi: -1.33202
    Track pt: 1.3557, eta: 0.778587, phi: -1.83217
    Tower pt: 0.459673, eta: 0.84963, phi: -1.8581
    Tower pt: 0.113351, eta: 1.34704, phi: -1.89403
    Track pt: 1.3841, eta: 1.11694, phi: -1.87511
    Tower pt: 5.71136, eta: 1.27671, phi: -1.81071
    Tower pt: 0.997422, eta: 1.36628, phi: -1.67896
    Tower pt: 3.3852, eta: 1.32415, phi: -1.63958
    Track pt: 3.55662, eta: 1.17995, phi: -1.72149
    Tower pt: 1.92898, eta: 1.04668, phi: -1.67216
    Tower pt: 1.79952, eta: 0.97784, phi: -1.63121
    Track pt: 1.97699, eta: 1.12294, phi: -1.61039
    Track pt: 1.59509, eta: 1.02214, phi: -1.50051
    Track pt: 1.55061, eta: 1.07923, phi: -1.48848
    Track pt: 8.28287, eta: 1.10603, phi: -1.37451
    Tower pt: 1.34565, eta: 1.08262, phi: -1.45929
--  New event -- 
Looping over jet constituents. Jet pt: 116.385, eta: -0.209725, phi: -1.78893
    Tower pt: 1.22846, eta: -0.444009, phi: -2.21758
    Tower pt: 0.686827, eta: -0.470519, phi: -2.17187
    Tower pt: 0.898317, eta: -0.112169, phi: -2.22958
    Tower pt: 0.598045, eta: -0.270451, phi: -2.22439
    Tower pt: 0.813132, eta: -0.562945, phi: -1.94083
    Tower pt: 0.121622, eta: -0.520393, phi: -1.58751
    Tower pt: 2.6387, eta: -0.158264, phi: -2.09674
    Track pt: 1.79154, eta: -0.48201, phi: -1.74736
    Tower pt: 1.22719, eta: 0.0226765, phi: -1.92529
    Tower pt: 0.657085, eta: -0.104543, phi: -2.01236
    Track pt: 1.81377, eta: -0.265767, phi: -2.0134
    Track pt: 2.36187, eta: -0.25572, phi: -1.97664
    Track pt: 2.43194, eta: -0.340892, phi: -1.92383
    Tower pt: 3.59188, eta: -0.13171, phi: -1.96504
    Tower pt: 1.93067, eta: -0.161248, phi: -1.5273
    Tower pt: 0.0243013, eta: -0.40342, phi: -1.74555
    Track pt: 1.61477, eta: -0.383802, phi: -1.71642
    Track pt: 3.66359, eta: -0.118881, phi: -1.89401
    Tower pt: 0.699879, eta: -0.132484, phi: -1.87686
    Tower pt: 5.12422, eta: -0.176742, phi: -1.88854
    Tower pt: 15.1468, eta: -0.0937159, phi: -1.67757
    Track pt: 1.90523, eta: -0.14286, phi: -1.82524
    Track pt: 7.35768, eta: -0.116314, phi: -1.77588
    Track pt: 1.55627, eta: -0.119024, phi: -1.77673
    Tower pt: 0.502604, eta: -0.232085, phi: -1.62854
    Tower pt: 1.20193, eta: -0.328478, phi: -1.69644
    Tower pt: 4.53041, eta: -0.282775, phi: -1.81248
    Tower pt: 2.95674, eta: -0.282775, phi: -1.81248
    Track pt: 2.14676, eta: -0.296662, phi: -1.69124
    Track pt: 1.7337, eta: -0.268921, phi: -1.68865
    Track pt: 10.2994, eta: -0.279986, phi: -1.71839
    Tower pt: 12.2253, eta: -0.241852, phi: -1.76462
    Track pt: 4.95131, eta: -0.199706, phi: -1.69416
    Track pt: 5.09749, eta: -0.174347, phi: -1.7204
    Track pt: 11.8197, eta: -0.200498, phi: -1.72882
Looping over jet constituents. Jet pt: 90.3615, eta: 1.19145, phi: 0.317843
    Tower pt: 0.274197, eta: 1.16248, phi: -0.0820555
    Tower pt: 0.109393, eta: 1.15696, phi: 0.670203
    Tower pt: 2.08541, eta: 1.41119, phi: 0.236437
    Tower pt: 6.47256, eta: 1.15175, phi: 0.511601
    Tower pt: 0.159916, eta: 1.36604, phi: 0.347953
    Tower pt: 3.00148, eta: 1.09736, phi: 0.434229
    Tower pt: 1.84003, eta: 1.09736, phi: 0.434229
    Tower pt: 2.30043, eta: 1.26445, phi: 0.356487
    Track pt: 1.3924, eta: 1.17938, phi: 0.389354
    Track pt: 12.6702, eta: 1.20782, phi: 0.379556
    Track pt: 2.33619, eta: 1.19137, phi: 0.365525
    Track pt: 6.30783, eta: 1.0994, phi: 0.300677
    Track pt: 8.39794, eta: 1.20839, phi: 0.207147
    Track pt: 8.83579, eta: 1.15144, phi: 0.280279
    Track pt: 2.10515, eta: 1.1702, phi: 0.2922
    Track pt: 10.0002, eta: 1.19263, phi: 0.284004
    Track pt: 15.4994, eta: 1.20694, phi: 0.2735
    Track pt: 6.87757, eta: 1.20667, phi: 0.287496
Looping over jet constituents. Jet pt: 51.6565, eta: 0.351543, phi: 2.12635
    Tower pt: 3.38568, eta: 0.269807, phi: 1.6884
    Tower pt: 0.333763, eta: 0.226936, phi: 1.75855
    Tower pt: 0.112696, eta: 0.17205, phi: 2.37463
    Tower pt: 0.0151182, eta: 0.4179, phi: 2.41236
    Tower pt: 0.0896328, eta: 0.58674, phi: 2.12205
    Tower pt: 0.0199281, eta: 0.285138, phi: 2.35864
    Track pt: 1.18754, eta: 0.254137, phi: 2.32762
    Tower pt: 0.516791, eta: 0.526744, phi: 2.07111
    Tower pt: 3.54283, eta: 0.321026, phi: 2.0378
    Track pt: 2.62626, eta: 0.468433, phi: 2.12427
    Track pt: 1.54989, eta: 0.474555, phi: 2.13256
    Track pt: 1.61679, eta: 0.360194, phi: 2.05057
    Track pt: 9.05202, eta: 0.281319, phi: 2.11112
    Track pt: 2.23093, eta: 0.361729, phi: 2.10451
    Track pt: 1.93853, eta: 0.439263, phi: 2.15699
    Track pt: 0.445886, eta: 0.445175, phi: 2.17592
    Track pt: 19.0594, eta: 0.345373, phi: 2.21068
    Tower pt: 4.40004, eta: 0.41162, phi: 2.18145
Looping over jet constituents. Jet pt: 35.1387, eta: -4.44427, phi: 1.56847
    Tower pt: 0.126542, eta: -4.0663, phi: 1.73052
    Tower pt: 0.570713, eta: -4.45927, phi: 1.18461
    Tower pt: 0.0858028, eta: -4.34982, phi: 1.27215
    Tower pt: 0.5533, eta: -4.32833, phi: 1.44041
    Tower pt: 4.84197, eta: -4.32833, phi: 1.44041
    Tower pt: 0.179795, eta: -4.34094, phi: 1.6849
    Tower pt: 9.14827, eta: -4.34094, phi: 1.6849
    Tower pt: 2.0874, eta: -4.41425, phi: 1.61065
    Tower pt: 0.247433, eta: -4.41425, phi: 1.61065
    Tower pt: 10.8865, eta: -4.55553, phi: 1.54728
    Tower pt: 0.253772, eta: -4.47046, phi: 1.56175
    Tower pt: 6.3161, eta: -4.47046, phi: 1.56175
Looping over jet constituents. Jet pt: 23.855, eta: 1.45512, phi: -3.13988
    Tower pt: 0.239863, eta: 1.17568, phi: 2.74303
    Tower pt: 0.0071263, eta: 1.54993, phi: 2.68182
    Tower pt: 0.102924, eta: 1.02105, phi: -2.98024
    Track pt: 0.691743, eta: 1.16851, phi: -2.89046
    Track pt: 1.73008, eta: 1.43051, phi: -2.81817
    Tower pt: 0.388492, eta: 1.30684, phi: 2.85131
    Tower pt: 0.00656744, eta: 1.34882, phi: -3.10151
    Tower pt: 5.36623, eta: 1.19814, phi: 3.13231
    Tower pt: 0.00498955, eta: 1.22423, phi: -3.03418
    Tower pt: 0.113402, eta: 1.76173, phi: -2.9357
    Tower pt: 1.10307, eta: 1.68084, phi: 2.94921
    Tower pt: 0.395712, eta: 1.56005, phi: -2.9579
    Tower pt: 1.19436, eta: 1.5696, phi: -3.0144
    Track pt: 2.71324, eta: 1.6446, phi: -3.09552
    Tower pt: 0.419375, eta: 1.63851, phi: 3.14047
    Tower pt: 1.80074, eta: 1.66249, phi: 3.08227
    Tower pt: 0.191454, eta: 1.52126, phi: -3.02173
    Track pt: 1.05213, eta: 1.45517, phi: -3.1263
    Tower pt: 2.28223, eta: 1.47616, phi: 3.03972
    Tower pt: 1.10765, eta: 1.47616, phi: 3.03972
    Track pt: 1.29122, eta: 1.39295, phi: 3.07157
    Tower pt: 1.87108, eta: 1.36666, phi: 3.08879
--  New event -- 
Looping over jet constituents. Jet pt: 125.009, eta: 0.375198, phi: -2.32922
    Track pt: 1.43491, eta: 0.361274, phi: -1.9158
    Tower pt: 1.64484, eta: 0.066796, phi: -2.34655
    Track pt: 2.52103, eta: 0.0657489, phi: -2.43013
    Track pt: 18.7884, eta: 0.101313, phi: -2.46005
    Track pt: 3.3729, eta: 0.110197, phi: -2.47687
    Track pt: 5.40416, eta: 0.123809, phi: -2.3566
    Tower pt: 1.12416, eta: 0.11295, phi: -2.37189
    Tower pt: 1.19541, eta: 0.82783, phi: -2.34086
    Tower pt: 1.47784, eta: 0.427921, phi: -2.64215
    Track pt: 1.12204, eta: 0.70867, phi: -2.11368
    Track pt: 5.66211, eta: 0.593068, phi: -2.04508
    Tower pt: 4.65434, eta: 0.708223, phi: -2.36429
    Track pt: 10.5215, eta: 0.485872, phi: -2.15813
    Track pt: 13.9156, eta: 0.499136, phi: -2.15765
    Tower pt: 0.997784, eta: 0.223855, phi: -2.2218
    Track pt: 1.20797, eta: 0.573542, phi: -2.23448
    Tower pt: 0.0427419, eta: 0.375781, phi: -2.54247
    Tower pt: 4.57114, eta: 0.519808, phi: -2.4509
    Track pt: 1.97291, eta: 0.475878, phi: -2.2703
    Tower pt: 0.533472, eta: 0.373644, phi: -2.24052
    Tower pt: 3.03526, eta: 0.330979, phi: -2.2714
    Tower pt: 0.782638, eta: 0.36135, phi: -2.46779
    Track pt: 7.05921, eta: 0.393345, phi: -2.46762
    Tower pt: 2.21527, eta: 0.407127, phi: -2.34054
    Tower pt: 2.93247, eta: 0.407127, phi: -2.34054
    Track pt: 6.03029, eta: 0.392974, phi: -2.3725
    Track pt: 8.02368, eta: 0.376456, phi: -2.38772
    Track pt: 13.951, eta: 0.374063, phi: -2.37506
Looping over jet constituents. Jet pt: 82.1115, eta: 2.23473, phi: 1.84564
    Track pt: 1.07328, eta: 1.91931, phi: 1.47474
    Track pt: 1.40073, eta: 1.76042, phi: 1.91686
    Track pt: 0.595112, eta: 2.12062, phi: 2.21561
    Tower pt: 0.910279, eta: 2.06565, phi: 1.60105
    Track pt: 0.779574, eta: 2.16389, phi: 1.62196
    Tower pt: 0.561921, eta: 2.29557, phi: 2.07699
    Tower pt: 8.51621, eta: 2.0707, phi: 1.89531
    Tower pt: 0.324807, eta: 2.27978, phi: 1.71757
    Track pt: 5.39405, eta: 2.20471, phi: 1.81781
    Track pt: 12.9137, eta: 2.19406, phi: 1.83056
    Track pt: 3.88764, eta: 2.3483, phi: 1.82804
    Track pt: 9.24854, eta: 2.26662, phi: 1.80828
    Tower pt: 29.9725, eta: 2.28854, phi: 1.86515
    Tower pt: 6.74221, eta: 2.28854, phi: 1.86515
Looping over jet constituents. Jet pt: 77.9083, eta: 0.541468, phi: 1.10222
    Tower pt: 0.329939, eta: 0.400393, phi: 1.48078
    Tower pt: 0.0523317, eta: 0.411706, phi: 0.792772
    Tower pt: 0.136419, eta: 0.783249, phi: 1.04674
    Tower pt: 0.668127, eta: 0.588769, phi: 1.33329
    Tower pt: 0.435173, eta: 0.441732, phi: 1.26982
    Track pt: 1.95371, eta: 0.37446, phi: 1.02191
    Track pt: 1.67898, eta: 0.44039, phi: 1.24799
    Track pt: 1.53669, eta: 0.672897, phi: 0.991518
    Track pt: 3.76614, eta: 0.471755, phi: 1.03798
    Tower pt: 1.47413, eta: 0.473725, phi: 1.01211
    Tower pt: 16.691, eta: 0.473725, phi: 1.01211
    Tower pt: 0.491163, eta: 0.634153, phi: 0.998229
    Tower pt: 1.93744, eta: 0.688408, phi: 1.10271
    Track pt: 1.84977, eta: 0.643329, phi: 1.10934
    Tower pt: 3.22556, eta: 0.587192, phi: 1.19857
    Tower pt: 2.50342, eta: 0.607553, phi: 1.10807
    Tower pt: 0.26142, eta: 0.607553, phi: 1.10807
    Track pt: 3.14019, eta: 0.550852, phi: 1.11161
    Track pt: 26.6774, eta: 0.558438, phi: 1.14319
    Track pt: 9.30711, eta: 0.574373, phi: 1.12619
Looping over jet constituents. Jet pt: 48.5516, eta: -0.655921, phi: -0.497988
    Track pt: 1.12286, eta: -0.232117, phi: -0.547563
    Tower pt: 0.0179961, eta: -0.234278, phi: -0.51597
    Tower pt: 0.0673413, eta: -0.429777, phi: -0.849466
    Tower pt: 0.894071, eta: -0.551949, phi: -0.155303
    Track pt: 2.18882, eta: -0.68036, phi: -0.220523
    Tower pt: 4.74015, eta: -0.674363, phi: -0.197874
    Tower pt: 2.2957, eta: -0.577971, phi: -0.236382
    Tower pt: 0.912498, eta: -0.562729, phi: -0.856964
    Tower pt: 0.164548, eta: -0.420842, phi: -0.699019
    Tower pt: 1.6226, eta: -0.694791, phi: -0.81851
    Track pt: 1.92187, eta: -0.753824, phi: -0.378559
    Tower pt: 2.11142, eta: -0.703156, phi: -0.725658
    Tower pt: 0.821029, eta: -0.789808, phi: -0.559088
    Tower pt: 0.0820486, eta: -0.680208, phi: -0.442507
    Tower pt: 0.973221, eta: -0.66104, phi: -0.632268
    Track pt: 1.44976, eta: -0.684483, phi: -0.624397
    Track pt: 4.78127, eta: -0.704005, phi: -0.606341
    Track pt: 2.13781, eta: -0.66752, phi: -0.605498
    Track pt: 2.79128, eta: -0.678711, phi: -0.497414
    Track pt: 18.1711, eta: -0.624803, phi: -0.531023
Looping over jet constituents. Jet pt: 30.9753, eta: 1.45668, phi: -1.39295
    Tower pt: 2.17946, eta: 1.23302, phi: -1.01951
    Tower pt: 0.521361, eta: 1.48662, phi: -1.56732
    Tower pt: 0.261438, eta: 1.74684, phi: -1.05348
    Track pt: 1.76632, eta: 1.65253, phi: -1.14826
    Tower pt: 2.46415, eta: 1.56529, phi: -1.30423
    Track pt: 0.506557, eta: 1.57079, phi: -1.21488
    Tower pt: 8.04262, eta: 1.6444, phi: -1.25474
    Track pt: 0.636847, eta: 1.68812, phi: -1.68567
    Tower pt: 0.098945, eta: 1.16329, phi: -1.19838
    Track pt: 5.38024, eta: 1.24946, phi: -1.71896
    Tower pt: 0.761928, eta: 1.21994, phi: -1.64027
    Tower pt: 1.08053, eta: 1.10403, phi: -1.43721
    Tower pt: 0.598063, eta: 1.25315, phi: -1.31866
    Track pt: 0.916909, eta: 1.19019, phi: -1.43604
    Track pt: 6.44001, eta: 1.30102, phi: -1.47354
Looping over jet constituents. Jet pt: 24.1067, eta: 0.508791, phi: -0.614286
    Tower pt: 1.00134, eta: 0.298266, phi: -0.227151
    Tower pt: 0.0214523, eta: 0.204534, phi: -0.362173
    Tower pt: 1.00656, eta: 0.385211, phi: -0.290509
    Track pt: 1.27982, eta: 0.855814, phi: -0.700908
    Track pt: 1.59985, eta: 0.622087, phi: -0.908775
    Track pt: 0.804093, eta: 0.403941, phi: -0.84873
    Tower pt: 0.789411, eta: 0.638437, phi: -0.666439
    Track pt: 6.45934, eta: 0.507888, phi: -0.736324
    Tower pt: 1.14738, eta: 0.620766, phi: -0.484815
    Track pt: 0.714618, eta: 0.296636, phi: -0.476044
    Tower pt: 0.952954, eta: 0.51806, phi: -0.455743
    Track pt: 0.737516, eta: 0.512624, phi: -0.619121
    Track pt: 3.346, eta: 0.452078, phi: -0.582122
    Tower pt: 4.56463, eta: 0.436438, phi: -0.529925
--  New event -- 
Looping over jet constituents. Jet pt: 47.7011, eta: -0.691708, phi: -0.332095
    Tower pt: 0.0261964, eta: -0.5427, phi: 0.129954
    Tower pt: 0.726155, eta: -0.362487, phi: -0.445576
    Tower pt: 1.27745, eta: -0.520441, phi: -0.415222
    Track pt: 0.929541, eta: -0.638018, phi: -0.448542
    Track pt: 2.35073, eta: -0.740005, phi: -0.350061
    Track pt: 17.0891, eta: -0.768016, phi: -0.349839
    Tower pt: 2.66935, eta: -0.648722, phi: -0.393683
    Tower pt: 0.0393538, eta: -0.573762, phi: -0.342835
    Track pt: 21.2762, eta: -0.653131, phi: -0.294211
    Tower pt: 1.35868, eta: -0.643295, phi: -0.340248
Looping over jet constituents. Jet pt: 41.871, eta: -3.01602, phi: 2.5822
    Tower pt: 5.37009, eta: -2.57784, phi: 2.63174
    Tower pt: 0.006362, eta: -2.57784, phi: 2.63174
    Tower pt: 0.0327358, eta: -3.0663, phi: 3.02839
    Tower pt: 0.570018, eta: -2.64788, phi: 2.44871
    Tower pt: 0.127971, eta: -3.26576, phi: 2.96065
    Tower pt: 0.109365, eta: -2.73262, phi: 2.84065
    Tower pt: 0.340835, eta: -2.6969, phi: 2.73274
    Tower pt: 0.154969, eta: -2.98068, phi: 2.26092
    Tower pt: 3.72253, eta: -3.08753, phi: 2.42573
    Tower pt: 7.43455, eta: -3.0402, phi: 2.46339
    Tower pt: 0.074082, eta: -2.9252, phi: 2.60604
    Tower pt: 0.803813, eta: -3.18606, phi: 2.5466
    Tower pt: 23.2926, eta: -3.07459, phi: 2.634
Looping over jet constituents. Jet pt: 29.8806, eta: -2.36316, phi: 2.884
    Tower pt: 1.67427, eta: -2.43548, phi: 2.50059
    Tower pt: 3.39084, eta: -2.57359, phi: 3.1371
    Tower pt: 0.916293, eta: -2.21841, phi: -3.07306
    Track pt: 1.97979, eta: -2.19295, phi: 3.09768
    Track pt: 2.29938, eta: -2.08928, phi: 2.82193
    Tower pt: 0.539117, eta: -2.14271, phi: 2.70667
    Tower pt: 1.00669, eta: -2.14271, phi: 2.70667
    Tower pt: 0.691171, eta: -2.39605, phi: 3.07769
    Tower pt: 0.646645, eta: -2.29963, phi: 3.03368
    Tower pt: 2.7525, eta: -2.29963, phi: 3.03368
    Track pt: 3.22707, eta: -2.4256, phi: 2.90989
    Tower pt: 1.99929, eta: -2.41877, phi: 2.8709
    Tower pt: 1.08614, eta: -2.19575, phi: 2.78316
    Track pt: 6.37269, eta: -2.35103, phi: 2.75935
    Tower pt: 0.722442, eta: -2.36593, phi: 2.70582
    Tower pt: 1.06328, eta: -2.36593, phi: 2.70582
Looping over jet constituents. Jet pt: 27.9972, eta: -1.9125, phi: -2.76889
    Tower pt: 0.638278, eta: -1.91707, phi: -2.83515
    Tower pt: 1.58597, eta: -1.91507, phi: -2.69457
    Tower pt: 0.145491, eta: -2.08309, phi: -2.52689
    Track pt: 7.6812, eta: -2.07548, phi: -2.65725
    Tower pt: 4.58115, eta: -2.02314, phi: -2.64501
    Tower pt: 2.27389, eta: -1.69964, phi: -2.7079
    Tower pt: 0.976455, eta: -1.63894, phi: -2.74651
    Track pt: 7.81953, eta: -1.76481, phi: -2.93513
    Track pt: 2.53205, eta: -1.74127, phi: -2.92703
--  New event -- 
Looping over jet constituents. Jet pt: 97.5043, eta: -0.106519, phi: -1.65972
    Tower pt: 0.0232572, eta: -0.199854, phi: -2.10702
    Tower pt: 0.801479, eta: 0.168064, phi: -1.3085
    Tower pt: 0.169955, eta: -0.473227, phi: -1.75731
    Track pt: 2.82319, eta: -0.421924, phi: -1.85976
    Tower pt: 2.41753, eta: -0.0689813, phi: -1.99487
    Tower pt: 0.154593, eta: -0.443307, phi: -1.62844
    Track pt: 3.55463, eta: -0.23444, phi: -1.9326
    Tower pt: 0.403838, eta: -0.390007, phi: -1.74624
    Tower pt: 3.27367, eta: -0.361003, phi: -1.58906
    Track pt: 0.886081, eta: -0.233486, phi: -1.52718
    Tower pt: 17.7706, eta: -0.206637, phi: -1.46384
    Track pt: 1.41898, eta: -0.0259372, phi: -1.42949
    Track pt: 4.32317, eta: -0.218073, phi: -1.54405
    Tower pt: 0.019983, eta: 0.0369056, phi: -1.47175
    Track pt: 1.67447, eta: -0.129598, phi: -1.52956
    Track pt: 1.54116, eta: -0.19402, phi: -1.58869
    Track pt: 1.63806, eta: 0.143379, phi: -1.69256
    Track pt: 1.57886, eta: -0.153717, phi: -1.67906
    Track pt: 2.44459, eta: -0.125001, phi: -1.62546
    Tower pt: 0.381614, eta: -0.141163, phi: -1.77641
    Track pt: 3.40518, eta: -0.0439672, phi: -1.61875
    Tower pt: 2.80043, eta: -0.039153, phi: -1.61064
    Track pt: 5.46867, eta: -0.0710823, phi: -1.63211
    Tower pt: 0.285292, eta: -0.126465, phi: -1.73576
    Tower pt: 1.5181, eta: 0.0623804, phi: -1.8084
    Track pt: 0.780152, eta: 0.015658, phi: -1.65635
    Tower pt: 4.87793, eta: 0.0261248, phi: -1.6713
    Tower pt: 2.56956, eta: -0.0572354, phi: -1.70097
    Track pt: 2.26118, eta: -0.052072, phi: -1.77891
    Track pt: 6.56914, eta: -0.0186284, phi: -1.7679
    Track pt: 7.16904, eta: -0.00254777, phi: -1.7454
    Track pt: 13.4887, eta: -0.0105342, phi: -1.75252
Looping over jet constituents. Jet pt: 92.0799, eta: -0.65417, phi: 2.48623
    Track pt: 1.1268, eta: -0.736429, phi: 2.06086
    Tower pt: 3.99895, eta: -0.734222, phi: 2.03953
    Tower pt: 0.389511, eta: -0.95269, phi: 2.21485
    Tower pt: 1.4197, eta: -0.809161, phi: 2.13684
    Tower pt: 9.02717, eta: -0.958946, phi: 2.28217
    Tower pt: 0.0877667, eta: -0.87218, phi: 2.88786
    Track pt: 5.42118, eta: -0.88653, phi: 2.34963
    Tower pt: 5.45962, eta: -0.902117, phi: 2.36959
    Track pt: 0.764782, eta: -0.927943, phi: 2.53566
    Tower pt: 1.41805, eta: -0.799104, phi: 2.29144
    Tower pt: 1.28205, eta: -0.729435, phi: 2.25326
    Tower pt: 0.602205, eta: -0.748185, phi: 2.28178
    Track pt: 1.80631, eta: -0.524175, phi: 2.21096
    Tower pt: 2.13935, eta: -0.845878, phi: 2.68126
    Tower pt: 0.986068, eta: -0.58389, phi: 2.31888
    Track pt: 1.06221, eta: -0.642883, phi: 2.44711
    Tower pt: 0.423839, eta: -0.693091, phi: 2.68273
    Tower pt: 0.887315, eta: -0.339479, phi: 2.66831
    Track pt: 2.35924, eta: -0.65553, phi: 2.63136
    Tower pt: 7.85628e-05, eta: -0.397187, phi: 2.49471
    Tower pt: 3.07883, eta: -0.375308, phi: 2.56875
    Tower pt: 4.64374, eta: -0.459235, phi: 2.50262
    Tower pt: 5.47796, eta: -0.594901, phi: 2.61301
    Tower pt: 7.62826, eta: -0.522714, phi: 2.64858
    Track pt: 7.97794, eta: -0.505614, phi: 2.61374
    Tower pt: 24.1429, eta: -0.483285, phi: 2.61223
Looping over jet constituents. Jet pt: 54.9122, eta: -0.116032, phi: 0.40551
    Track pt: 0.907279, eta: 0.0983575, phi: 0.806701
    Tower pt: 5.72343, eta: -0.393327, phi: 0.727156
    Tower pt: 1.4855, eta: -0.409144, phi: 0.641822
    Tower pt: 0.166449, eta: -0.212549, phi: 0.684259
    Tower pt: 7.18186, eta: -0.190332, phi: 0.714776
    Track pt: 1.72154, eta: -0.337822, phi: 0.276028
    Track pt: 0.931357, eta: -0.206059, phi: 0.0761758
    Track pt: 1.90517, eta: -0.278733, phi: 0.316914
    Track pt: 0.392455, eta: 0.0871145, phi: 0.504605
    Track pt: 5.57926, eta: -0.0386132, phi: 0.198157
    Track pt: 20.2886, eta: -0.0175568, phi: 0.301167
    Tower pt: 9.72232, eta: -0.0276098, phi: 0.320227
Looping over jet constituents. Jet pt: 51.5584, eta: 1.77814, phi: -0.533268
    Tower pt: 1.01734, eta: 2.22314, phi: -0.583659
    Tower pt: 0.380932, eta: 1.68093, phi: -0.930228
    Tower pt: 0.200444, eta: 1.68093, phi: -0.930228
    Tower pt: 0.104965, eta: 1.82136, phi: -0.896773
    Tower pt: 2.63408, eta: 1.8134, phi: -0.358687
    Track pt: 1.22484, eta: 1.67853, phi: -0.381414
    Tower pt: 12.5934, eta: 1.67259, phi: -0.415548
    Tower pt: 6.75071, eta: 1.69005, phi: -0.642139
    Track pt: 0.44464, eta: 1.77969, phi: -0.457806
    Track pt: 4.17127, eta: 1.81027, phi: -0.462996
    Track pt: 1.76117, eta: 1.83857, phi: -0.490301
    Tower pt: 18.4501, eta: 1.8169, phi: -0.60512
    Tower pt: 2.12541, eta: 1.8169, phi: -0.60512
Looping over jet constituents. Jet pt: 20.7936, eta: 0.958134, phi: 1.56325
    Tower pt: 0.495138, eta: 0.937295, phi: 1.96954
    Track pt: 0.865595, eta: 0.587254, phi: 1.49761
    Tower pt: 0.117478, eta: 0.640012, phi: 1.53647
    Tower pt: 0.534914, eta: 1.11149, phi: 1.83328
    Track pt: 0.571478, eta: 0.703274, phi: 1.45366
    Track pt: 1.74792, eta: 0.776223, phi: 1.69187
    Tower pt: 0.519765, eta: 1.18828, phi: 1.40266
    Tower pt: 3.95408, eta: 0.843378, phi: 1.48931
    Tower pt: 0.352912, eta: 1.0804, phi: 1.40079
    Track pt: 1.27833, eta: 0.975193, phi: 1.45938
    Tower pt: 0.0434372, eta: 0.988535, phi: 1.49805
    Tower pt: 1.52334, eta: 1.00003, phi: 1.58427
    Track pt: 6.79315, eta: 1.03606, phi: 1.5757
    Tower pt: 2.10552, eta: 1.0571, phi: 1.56843
Info in <TCanvas::Print>: file electron_delta_pt.png has been created
Info in <TCanvas::Print>: file electron_delta_eta.png has been created
Info in <TCanvas::Print>: file photon_delta_pt.png has been created
Info in <TCanvas::Print>: file photon_delta_eta.png has been created
Info in <TCanvas::Print>: file photon_delta_energy.png has been created
Info in <TCanvas::Print>: file muon_delta_pt.png has been created
Info in <TCanvas::Print>: file muon_delta_eta.png has been created
Info in <TCanvas::Print>: file track_delta_pt.png has been created
Info in <TCanvas::Print>: file track_delta_eta.png has been created
Info in <TCanvas::Print>: file jet_delta_pt.png has been created
** Exiting...

 *** Break *** keyboard interrupt :0:
